{"meta": {"format": 3, "version": "7.14.0", "timestamp": "2026-07-21T16:44:24.476012", "branch_coverage": false, "show_contexts": false}, "files": {"src\\__init__.py": {"executed_lines": [3, 4], "summary": {"covered_lines": 2, "num_statements": 2, "percent_covered": 100.0, "percent_covered_display": "100", "missing_lines": 0, "excluded_lines": 0, "percent_statements_covered": 100.0, "percent_statements_covered_display": "100"}, "missing_lines": [], "excluded_lines": [], "functions": {"": {"executed_lines": [3, 4], "summary": {"covered_lines": 2, "num_statements": 2, "percent_covered": 100.0, "percent_covered_display": "100", "missing_lines": 0, "excluded_lines": 0, "percent_statements_covered": 100.0, "percent_statements_covered_display": "100"}, "missing_lines": [], "excluded_lines": [], "start_line": 1}}, "classes": {"": {"executed_lines": [3, 4], "summary": {"covered_lines": 2, "num_statements": 2, "percent_covered": 100.0, "percent_covered_display": "100", "missing_lines": 0, "excluded_lines": 0, "percent_statements_covered": 100.0, "percent_statements_covered_display": "100"}, "missing_lines": [], "excluded_lines": [], "start_line": 1}}}, "src\\adapters\\__init__.py": {"executed_lines": [3, 4, 5, 6, 8], "summary": {"covered_lines": 5, "num_statements": 5, "percent_covered": 100.0, "percent_covered_display": "100", "missing_lines": 0, "excluded_lines": 0, "percent_statements_covered": 100.0, "percent_statements_covered_display": "100"}, "missing_lines": [], "excluded_lines": [], "functions": {"": {"executed_lines": [3, 4, 5, 6, 8], "summary": {"covered_lines": 5, "num_statements": 5, "percent_covered": 100.0, "percent_covered_display": "100", "missing_lines": 0, "excluded_lines": 0, "percent_statements_covered": 100.0, "percent_statements_covered_display": "100"}, "missing_lines": [], "excluded_lines": [], "start_line": 1}}, "classes": {"": {"executed_lines": [3, 4, 5, 6, 8], "summary": {"covered_lines": 5, "num_statements": 5, "percent_covered": 100.0, "percent_covered_display": "100", "missing_lines": 0, "excluded_lines": 0, "percent_statements_covered": 100.0, "percent_statements_covered_display": "100"}, "missing_lines": [], "excluded_lines": [], "start_line": 1}}}, "src\\adapters\\alpha_vantage.py": {"executed_lines": [3, 4, 5, 6, 7, 8, 10, 11, 12, 13, 15, 18, 21, 23, 32, 43, 51, 55, 71, 103, 145, 193, 216, 242, 269, 275], "summary": {"covered_lines": 26, "num_statements": 132, "percent_covered": 19.696969696969695, "percent_covered_display": "20", "missing_lines": 106, "excluded_lines": 0, "percent_statements_covered": 19.696969696969695, "percent_statements_covered_display": "20"}, "missing_lines": [24, 26, 27, 28, 29, 30, 34, 35, 36, 38, 39, 40, 41, 45, 46, 47, 48, 49, 53, 57, 60, 63, 64, 65, 66, 67, 69, 73, 74, 76, 78, 80, 81, 82, 83, 86, 87, 88, 90, 91, 92, 94, 96, 97, 99, 100, 101, 110, 118, 119, 120, 123, 124, 125, 127, 128, 129, 138, 139, 140, 141, 143, 152, 154, 161, 162, 163, 165, 166, 167, 169, 170, 171, 179, 180, 181, 182, 184, 186, 187, 188, 189, 191, 202, 204, 206, 210, 211, 214, 218, 224, 225, 226, 228, 229, 244, 250, 251, 252, 254, 271, 272, 273, 277, 278, 279], "excluded_lines": [], "functions": {"AlphaVantageAdapter.__init__": {"executed_lines": [], "summary": {"covered_lines": 0, "num_statements": 6, "percent_covered": 0.0, "percent_covered_display": "0", "missing_lines": 6, "excluded_lines": 0, "percent_statements_covered": 0.0, "percent_statements_covered_display": "0"}, "missing_lines": [24, 26, 27, 28, 29, 30], "excluded_lines": [], "start_line": 23}, "AlphaVantageAdapter.connect": {"executed_lines": [], "summary": {"covered_lines": 0, "num_statements": 7, "percent_covered": 0.0, "percent_covered_display": "0", "missing_lines": 7, "excluded_lines": 0, "percent_statements_covered": 0.0, "percent_statements_covered_display": "0"}, "missing_lines": [34, 35, 36, 38, 39, 40, 41], "excluded_lines": [], "start_line": 32}, "AlphaVantageAdapter.disconnect": {"executed_lines": [], "summary": {"covered_lines": 0, "num_statements": 5, "percent_covered": 0.0, "percent_covered_display": "0", "missing_lines": 5, "excluded_lines": 0, "percent_statements_covered": 0.0, "percent_statements_covered_display": "0"}, "missing_lines": [45, 46, 47, 48, 49], "excluded_lines": [], "start_line": 43}, "AlphaVantageAdapter.is_connected": {"executed_lines": [], "summary": {"covered_lines": 0, "num_statements": 1, "percent_covered": 0.0, "percent_covered_display": "0", "missing_lines": 1, "excluded_lines": 0, "percent_statements_covered": 0.0, "percent_statements_covered_display": "0"}, "missing_lines": [53], "excluded_lines": [], "start_line": 51}, "AlphaVantageAdapter._rate_limit": {"executed_lines": [], "summary": {"covered_lines": 0, "num_statements": 8, "percent_covered": 0.0, "percent_covered_display": "0", "missing_lines": 8, "excluded_lines": 0, "percent_statements_covered": 0.0, "percent_statements_covered_display": "0"}, "missing_lines": [57, 60, 63, 64, 65, 66, 67, 69], "excluded_lines": [], "start_line": 55}, "AlphaVantageAdapter._make_request": {"executed_lines": [], "summary": {"covered_lines": 0, "num_statements": 20, "percent_covered": 0.0, "percent_covered_display": "0", "missing_lines": 20, "excluded_lines": 0, "percent_statements_covered": 0.0, "percent_statements_covered_display": "0"}, "missing_lines": [73, 74, 76, 78, 80, 81, 82, 83, 86, 87, 88, 90, 91, 92, 94, 96, 97, 99, 100, 101], "excluded_lines": [], "start_line": 71}, "AlphaVantageAdapter.get_intraday": {"executed_lines": [], "summary": {"covered_lines": 0, "num_statements": 15, "percent_covered": 0.0, "percent_covered_display": "0", "missing_lines": 15, "excluded_lines": 0, "percent_statements_covered": 0.0, "percent_statements_covered_display": "0"}, "missing_lines": [110, 118, 119, 120, 123, 124, 125, 127, 128, 129, 138, 139, 140, 141, 143], "excluded_lines": [], "start_line": 103}, "AlphaVantageAdapter.get_daily": {"executed_lines": [], "summary": {"covered_lines": 0, "num_statements": 21, "percent_covered": 0.0, "percent_covered_display": "0", "missing_lines": 21, "excluded_lines": 0, "percent_statements_covered": 0.0, "percent_statements_covered_display": "0"}, "missing_lines": [152, 154, 161, 162, 163, 165, 166, 167, 169, 170, 171, 179, 180, 181, 182, 184, 186, 187, 188, 189, 191], "excluded_lines": [], "start_line": 145}, "AlphaVantageAdapter.get_history": {"executed_lines": [], "summary": {"covered_lines": 0, "num_statements": 6, "percent_covered": 0.0, "percent_covered_display": "0", "missing_lines": 6, "excluded_lines": 0, "percent_statements_covered": 0.0, "percent_statements_covered_display": "0"}, "missing_lines": [202, 204, 206, 210, 211, 214], "excluded_lines": [], "start_line": 193}, "AlphaVantageAdapter.get_quote": {"executed_lines": [], "summary": {"covered_lines": 0, "num_statements": 6, "percent_covered": 0.0, "percent_covered_display": "0", "missing_lines": 6, "excluded_lines": 0, "percent_statements_covered": 0.0, "percent_statements_covered_display": "0"}, "missing_lines": [218, 224, 225, 226, 228, 229], "excluded_lines": [], "start_line": 216}, "AlphaVantageAdapter.search_symbol": {"executed_lines": [], "summary": {"covered_lines": 0, "num_statements": 5, "percent_covered": 0.0, "percent_covered_display": "0", "missing_lines": 5, "excluded_lines": 0, "percent_statements_covered": 0.0, "percent_statements_covered_display": "0"}, "missing_lines": [244, 250, 251, 252, 254], "excluded_lines": [], "start_line": 242}, "AlphaVantageAdapter.subscribe": {"executed_lines": [], "summary": {"covered_lines": 0, "num_statements": 3, "percent_covered": 0.0, "percent_covered_display": "0", "missing_lines": 3, "excluded_lines": 0, "percent_statements_covered": 0.0, "percent_statements_covered_display": "0"}, "missing_lines": [271, 272, 273], "excluded_lines": [], "start_line": 269}, "AlphaVantageAdapter.unsubscribe": {"executed_lines": [], "summary": {"covered_lines": 0, "num_statements": 3, "percent_covered": 0.0, "percent_covered_display": "0", "missing_lines": 3, "excluded_lines": 0, "percent_statements_covered": 0.0, "percent_statements_covered_display": "0"}, "missing_lines": [277, 278, 279], "excluded_lines": [], "start_line": 275}, "": {"executed_lines": [3, 4, 5, 6, 7, 8, 10, 11, 12, 13, 15, 18, 21, 23, 32, 43, 51, 55, 71, 103, 145, 193, 216, 242, 269, 275], "summary": {"covered_lines": 26, "num_statements": 26, "percent_covered": 100.0, "percent_covered_display": "100", "missing_lines": 0, "excluded_lines": 0, "percent_statements_covered": 100.0, "percent_statements_covered_display": "100"}, "missing_lines": [], "excluded_lines": [], "start_line": 1}}, "classes": {"AlphaVantageAdapter": {"executed_lines": [], "summary": {"covered_lines": 0, "num_statements": 106, "percent_covered": 0.0, "percent_covered_display": "0", "missing_lines": 106, "excluded_lines": 0, "percent_statements_covered": 0.0, "percent_statements_covered_display": "0"}, "missing_lines": [24, 26, 27, 28, 29, 30, 34, 35, 36, 38, 39, 40, 41, 45, 46, 47, 48, 49, 53, 57, 60, 63, 64, 65, 66, 67, 69, 73, 74, 76, 78, 80, 81, 82, 83, 86, 87, 88, 90, 91, 92, 94, 96, 97, 99, 100, 101, 110, 118, 119, 120, 123, 124, 125, 127, 128, 129, 138, 139, 140, 141, 143, 152, 154, 161, 162, 163, 165, 166, 167, 169, 170, 171, 179, 180, 181, 182, 184, 186, 187, 188, 189, 191, 202, 204, 206, 210, 211, 214, 218, 224, 225, 226, 228, 229, 244, 250, 251, 252, 254, 271, 272, 273, 277, 278, 279], "excluded_lines": [], "start_line": 18}, "": {"executed_lines": [3, 4, 5, 6, 7, 8, 10, 11, 12, 13, 15, 18, 21, 23, 32, 43, 51, 55, 71, 103, 145, 193, 216, 242, 269, 275], "summary": {"covered_lines": 26, "num_statements": 26, "percent_covered": 100.0, "percent_covered_display": "100", "missing_lines": 0, "excluded_lines": 0, "percent_statements_covered": 100.0, "percent_statements_covered_display": "100"}, "missing_lines": [], "excluded_lines": [], "start_line": 1}}}, "src\\adapters\\crypto_broker.py": {"executed_lines": [24, 25, 26, 27, 28, 29, 30, 31, 32, 33, 34, 36, 38, 39, 41, 49, 52, 53, 54, 55, 56, 57, 58, 59, 60, 61, 62, 63, 64, 65, 66, 67, 70, 71, 74, 75, 76, 77, 78, 79, 80, 81, 82, 83, 84, 85, 86, 88, 89, 101, 102, 105, 106, 107, 108, 109, 110, 111, 112, 113, 114, 115, 116, 117, 118, 119, 120, 121, 122, 124, 125, 137, 138, 141, 142, 143, 144, 145, 146, 147, 148, 149, 150, 151, 152, 153, 154, 155, 156, 157, 158, 166, 169, 170, 171, 172, 173, 174, 175, 177, 178, 179, 180, 181, 182, 183, 185, 186, 187, 188, 189, 190, 192, 193, 195, 196, 197, 198, 199, 200, 201, 202, 204, 216, 217, 218, 219, 221, 223, 224, 232, 233, 234, 237, 247, 253, 254, 255, 256, 257, 258, 259, 260, 261, 265, 276, 283, 285, 286, 287, 291, 296, 300, 308, 309, 314, 316, 319, 320, 322, 348, 349, 350, 352, 356, 357, 358, 360, 367, 368, 371, 372, 373, 388, 390, 391, 392, 413, 421, 422, 426, 438, 452, 463, 515, 556, 559, 566, 567, 568, 569, 570, 574, 577, 578, 579, 590, 595, 598, 599, 602, 604, 605, 606, 607, 608, 609, 611, 619, 626, 629, 630, 632, 641, 645, 658, 666, 676, 682, 683, 687, 691, 692, 693, 730, 736, 737, 738, 739, 740, 750, 758, 763, 764, 765, 766, 768, 769, 770], "summary": {"covered_lines": 239, "num_statements": 373, "percent_covered": 64.07506702412869, "percent_covered_display": "64", "missing_lines": 134, "excluded_lines": 0, "percent_statements_covered": 64.07506702412869, "percent_statements_covered_display": "64"}, "missing_lines": [208, 209, 210, 211, 212, 213, 214, 220, 225, 266, 267, 268, 269, 270, 273, 274, 277, 278, 279, 288, 289, 293, 294, 298, 315, 317, 329, 330, 331, 333, 334, 338, 339, 340, 341, 342, 343, 344, 346, 353, 354, 363, 427, 428, 429, 430, 431, 432, 433, 434, 443, 444, 446, 447, 450, 453, 454, 455, 456, 457, 458, 459, 460, 461, 468, 470, 471, 472, 473, 475, 480, 481, 482, 483, 486, 488, 489, 490, 491, 492, 493, 494, 495, 496, 497, 501, 502, 503, 505, 506, 507, 508, 512, 513, 522, 523, 525, 526, 529, 530, 531, 546, 548, 549, 575, 580, 581, 582, 583, 584, 585, 586, 596, 600, 627, 637, 638, 639, 642, 643, 646, 647, 648, 649, 650, 651, 652, 653, 654, 663, 664, 672, 673, 674], "excluded_lines": [], "functions": {"CryptoKline.to_bar": {"executed_lines": [89], "summary": {"covered_lines": 1, "num_statements": 1, "percent_covered": 100.0, "percent_covered_display": "100", "missing_lines": 0, "excluded_lines": 0, "percent_statements_covered": 100.0, "percent_statements_covered_display": "100"}, "missing_lines": [], "excluded_lines": [], "start_line": 88}, "CryptoTicker.to_tick": {"executed_lines": [125], "summary": {"covered_lines": 1, "num_statements": 1, "percent_covered": 100.0, "percent_covered_display": "100", "missing_lines": 0, "excluded_lines": 0, "percent_statements_covered": 100.0, "percent_statements_covered_display": "100"}, "missing_lines": [], "excluded_lines": [], "start_line": 124}, "CryptoExchangeAdapter.__init__": {"executed_lines": [170, 171, 172, 173, 174, 175], "summary": {"covered_lines": 6, "num_statements": 6, "percent_covered": 100.0, "percent_covered_display": "100", "missing_lines": 0, "excluded_lines": 0, "percent_statements_covered": 100.0, "percent_statements_covered_display": "100"}, "missing_lines": [], "excluded_lines": [], "start_line": 169}, "CryptoExchangeAdapter.connect": {"executed_lines": [178, 179, 180, 181, 182, 183], "summary": {"covered_lines": 6, "num_statements": 6, "percent_covered": 100.0, "percent_covered_display": "100", "missing_lines": 0, "excluded_lines": 0, "percent_statements_covered": 100.0, "percent_statements_covered_display": "100"}, "missing_lines": [], "excluded_lines": [], "start_line": 177}, "CryptoExchangeAdapter.disconnect": {"executed_lines": [186, 187, 188, 189, 190], "summary": {"covered_lines": 5, "num_statements": 5, "percent_covered": 100.0, "percent_covered_display": "100", "missing_lines": 0, "excluded_lines": 0, "percent_statements_covered": 100.0, "percent_statements_covered_display": "100"}, "missing_lines": [], "excluded_lines": [], "start_line": 185}, "CryptoExchangeAdapter.is_connected": {"executed_lines": [193], "summary": {"covered_lines": 1, "num_statements": 1, "percent_covered": 100.0, "percent_covered_display": "100", "missing_lines": 0, "excluded_lines": 0, "percent_statements_covered": 100.0, "percent_statements_covered_display": "100"}, "missing_lines": [], "excluded_lines": [], "start_line": 192}, "CryptoExchangeAdapter._get": {"executed_lines": [196, 197, 198, 199, 200, 201, 202], "summary": {"covered_lines": 7, "num_statements": 7, "percent_covered": 100.0, "percent_covered_display": "100", "missing_lines": 0, "excluded_lines": 0, "percent_statements_covered": 100.0, "percent_statements_covered_display": "100"}, "missing_lines": [], "excluded_lines": [], "start_line": 195}, "CryptoExchangeAdapter._post": {"executed_lines": [], "summary": {"covered_lines": 0, "num_statements": 7, "percent_covered": 0.0, "percent_covered_display": "0", "missing_lines": 7, "excluded_lines": 0, "percent_statements_covered": 0.0, "percent_statements_covered_display": "0"}, "missing_lines": [208, 209, 210, 211, 212, 213, 214], "excluded_lines": [], "start_line": 204}, "CryptoExchangeAdapter._rate_limit": {"executed_lines": [217, 218, 219, 221], "summary": {"covered_lines": 4, "num_statements": 5, "percent_covered": 80.0, "percent_covered_display": "80", "missing_lines": 1, "excluded_lines": 0, "percent_statements_covered": 80.0, "percent_statements_covered_display": "80"}, "missing_lines": [220], "excluded_lines": [], "start_line": 216}, "CryptoExchangeAdapter.name": {"executed_lines": [], "summary": {"covered_lines": 0, "num_statements": 1, "percent_covered": 0.0, "percent_covered_display": "0", "missing_lines": 1, "excluded_lines": 0, "percent_statements_covered": 0.0, "percent_statements_covered_display": "0"}, "missing_lines": [225], "excluded_lines": [], "start_line": 224}, "BinanceAdapter.__init__": {"executed_lines": [253, 254, 255, 256, 257, 258, 259, 260, 261], "summary": {"covered_lines": 9, "num_statements": 9, "percent_covered": 100.0, "percent_covered_display": "100", "missing_lines": 0, "excluded_lines": 0, "percent_statements_covered": 100.0, "percent_statements_covered_display": "100"}, "missing_lines": [], "excluded_lines": [], "start_line": 247}, "BinanceAdapter._signed_params": {"executed_lines": [], "summary": {"covered_lines": 0, "num_statements": 7, "percent_covered": 0.0, "percent_covered_display": "0", "missing_lines": 7, "excluded_lines": 0, "percent_statements_covered": 0.0, "percent_statements_covered_display": "0"}, "missing_lines": [266, 267, 268, 269, 270, 273, 274], "excluded_lines": [], "start_line": 265}, "BinanceAdapter._auth_headers": {"executed_lines": [], "summary": {"covered_lines": 0, "num_statements": 3, "percent_covered": 0.0, "percent_covered_display": "0", "missing_lines": 3, "excluded_lines": 0, "percent_statements_covered": 0.0, "percent_statements_covered_display": "0"}, "missing_lines": [277, 278, 279], "excluded_lines": [], "start_line": 276}, "BinanceAdapter.ping": {"executed_lines": [285, 286, 287], "summary": {"covered_lines": 3, "num_statements": 5, "percent_covered": 60.0, "percent_covered_display": "60", "missing_lines": 2, "excluded_lines": 0, "percent_statements_covered": 60.0, "percent_statements_covered_display": "60"}, "missing_lines": [288, 289], "excluded_lines": [], "start_line": 283}, "BinanceAdapter.get_server_time": {"executed_lines": [], "summary": {"covered_lines": 0, "num_statements": 2, "percent_covered": 0.0, "percent_covered_display": "0", "missing_lines": 2, "excluded_lines": 0, "percent_statements_covered": 0.0, "percent_statements_covered_display": "0"}, "missing_lines": [293, 294], "excluded_lines": [], "start_line": 291}, "BinanceAdapter.get_exchange_info": {"executed_lines": [], "summary": {"covered_lines": 0, "num_statements": 1, "percent_covered": 0.0, "percent_covered_display": "0", "missing_lines": 1, "excluded_lines": 0, "percent_statements_covered": 0.0, "percent_statements_covered_display": "0"}, "missing_lines": [298], "excluded_lines": [], "start_line": 296}, "BinanceAdapter.get_klines": {"executed_lines": [308, 309, 314, 316, 319, 320], "summary": {"covered_lines": 6, "num_statements": 8, "percent_covered": 75.0, "percent_covered_display": "75", "missing_lines": 2, "excluded_lines": 0, "percent_statements_covered": 75.0, "percent_statements_covered_display": "75"}, "missing_lines": [315, 317], "excluded_lines": [], "start_line": 300}, "BinanceAdapter.get_klines_range": {"executed_lines": [], "summary": {"covered_lines": 0, "num_statements": 13, "percent_covered": 0.0, "percent_covered_display": "0", "missing_lines": 13, "excluded_lines": 0, "percent_statements_covered": 0.0, "percent_statements_covered_display": "0"}, "missing_lines": [329, 330, 331, 333, 334, 338, 339, 340, 341, 342, 343, 344, 346], "excluded_lines": [], "start_line": 322}, "BinanceAdapter.get_ticker_24h": {"executed_lines": [349, 350], "summary": {"covered_lines": 2, "num_statements": 2, "percent_covered": 100.0, "percent_covered_display": "100", "missing_lines": 0, "excluded_lines": 0, "percent_statements_covered": 100.0, "percent_statements_covered_display": "100"}, "missing_lines": [], "excluded_lines": [], "start_line": 348}, "BinanceAdapter.get_tickers_24h": {"executed_lines": [], "summary": {"covered_lines": 0, "num_statements": 2, "percent_covered": 0.0, "percent_covered_display": "0", "missing_lines": 2, "excluded_lines": 0, "percent_statements_covered": 0.0, "percent_statements_covered_display": "0"}, "missing_lines": [353, 354], "excluded_lines": [], "start_line": 352}, "BinanceAdapter.get_price": {"executed_lines": [357, 358], "summary": {"covered_lines": 2, "num_statements": 2, "percent_covered": 100.0, "percent_covered_display": "100", "missing_lines": 0, "excluded_lines": 0, "percent_statements_covered": 100.0, "percent_statements_covered_display": "100"}, "missing_lines": [], "excluded_lines": [], "start_line": 356}, "BinanceAdapter.get_order_book": {"executed_lines": [], "summary": {"covered_lines": 0, "num_statements": 1, "percent_covered": 0.0, "percent_covered_display": "0", "missing_lines": 1, "excluded_lines": 0, "percent_statements_covered": 0.0, "percent_statements_covered_display": "0"}, "missing_lines": [363], "excluded_lines": [], "start_line": 360}, "BinanceAdapter._parse_klines": {"executed_lines": [371, 372, 373, 388], "summary": {"covered_lines": 4, "num_statements": 4, "percent_covered": 100.0, "percent_covered_display": "100", "missing_lines": 0, "excluded_lines": 0, "percent_statements_covered": 100.0, "percent_statements_covered_display": "100"}, "missing_lines": [], "excluded_lines": [], "start_line": 368}, "BinanceAdapter._parse_ticker": {"executed_lines": [392], "summary": {"covered_lines": 1, "num_statements": 1, "percent_covered": 100.0, "percent_covered_display": "100", "missing_lines": 0, "excluded_lines": 0, "percent_statements_covered": 100.0, "percent_statements_covered_display": "100"}, "missing_lines": [], "excluded_lines": [], "start_line": 391}, "BinanceAdapter.get_bars": {"executed_lines": [421, 422], "summary": {"covered_lines": 2, "num_statements": 2, "percent_covered": 100.0, "percent_covered_display": "100", "missing_lines": 0, "excluded_lines": 0, "percent_statements_covered": 100.0, "percent_statements_covered_display": "100"}, "missing_lines": [], "excluded_lines": [], "start_line": 413}, "BinanceAdapter.get_account_info": {"executed_lines": [], "summary": {"covered_lines": 0, "num_statements": 8, "percent_covered": 0.0, "percent_covered_display": "0", "missing_lines": 8, "excluded_lines": 0, "percent_statements_covered": 0.0, "percent_statements_covered_display": "0"}, "missing_lines": [427, 428, 429, 430, 431, 432, 433, 434], "excluded_lines": [], "start_line": 426}, "BinanceAdapter.start_websocket": {"executed_lines": [], "summary": {"covered_lines": 0, "num_statements": 5, "percent_covered": 0.0, "percent_covered_display": "0", "missing_lines": 5, "excluded_lines": 0, "percent_statements_covered": 0.0, "percent_statements_covered_display": "0"}, "missing_lines": [443, 444, 446, 447, 450], "excluded_lines": [], "start_line": 438}, "BinanceAdapter.stop_websocket": {"executed_lines": [], "summary": {"covered_lines": 0, "num_statements": 9, "percent_covered": 0.0, "percent_covered_display": "0", "missing_lines": 9, "excluded_lines": 0, "percent_statements_covered": 0.0, "percent_statements_covered_display": "0"}, "missing_lines": [453, 454, 455, 456, 457, 458, 459, 460, 461], "excluded_lines": [], "start_line": 452}, "BinanceAdapter._websocket_loop": {"executed_lines": [], "summary": {"covered_lines": 0, "num_statements": 30, "percent_covered": 0.0, "percent_covered_display": "0", "missing_lines": 30, "excluded_lines": 0, "percent_statements_covered": 0.0, "percent_statements_covered_display": "0"}, "missing_lines": [468, 470, 471, 472, 473, 475, 480, 481, 482, 483, 486, 488, 489, 490, 491, 492, 493, 494, 495, 496, 497, 501, 502, 503, 505, 506, 507, 508, 512, 513], "excluded_lines": [], "start_line": 463}, "BinanceAdapter.subscribe_kline": {"executed_lines": [], "summary": {"covered_lines": 0, "num_statements": 5, "percent_covered": 0.0, "percent_covered_display": "0", "missing_lines": 5, "excluded_lines": 0, "percent_statements_covered": 0.0, "percent_statements_covered_display": "0"}, "missing_lines": [522, 523, 525, 548, 549], "excluded_lines": [], "start_line": 515}, "BinanceAdapter.subscribe_kline.handler": {"executed_lines": [], "summary": {"covered_lines": 0, "num_statements": 5, "percent_covered": 0.0, "percent_covered_display": "0", "missing_lines": 5, "excluded_lines": 0, "percent_statements_covered": 0.0, "percent_statements_covered_display": "0"}, "missing_lines": [526, 529, 530, 531, 546], "excluded_lines": [], "start_line": 525}, "CoinGeckoAdapter.__init__": {"executed_lines": [567, 568, 569, 570], "summary": {"covered_lines": 4, "num_statements": 4, "percent_covered": 100.0, "percent_covered_display": "100", "missing_lines": 0, "excluded_lines": 0, "percent_statements_covered": 100.0, "percent_statements_covered_display": "100"}, "missing_lines": [], "excluded_lines": [], "start_line": 566}, "CoinGeckoAdapter.get_coins_list": {"executed_lines": [], "summary": {"covered_lines": 0, "num_statements": 1, "percent_covered": 0.0, "percent_covered_display": "0", "missing_lines": 1, "excluded_lines": 0, "percent_statements_covered": 0.0, "percent_statements_covered_display": "0"}, "missing_lines": [575], "excluded_lines": [], "start_line": 574}, "CoinGeckoAdapter._resolve_coin_id": {"executed_lines": [578, 579], "summary": {"covered_lines": 2, "num_statements": 9, "percent_covered": 22.22222222222222, "percent_covered_display": "22", "missing_lines": 7, "excluded_lines": 0, "percent_statements_covered": 22.22222222222222, "percent_statements_covered_display": "22"}, "missing_lines": [580, 581, 582, 583, 584, 585, 586], "excluded_lines": [], "start_line": 577}, "CoinGeckoAdapter.get_price": {"executed_lines": [595, 598, 599, 602, 604, 605, 606, 607, 608, 609], "summary": {"covered_lines": 10, "num_statements": 12, "percent_covered": 83.33333333333333, "percent_covered_display": "83", "missing_lines": 2, "excluded_lines": 0, "percent_statements_covered": 83.33333333333333, "percent_statements_covered_display": "83"}, "missing_lines": [596, 600], "excluded_lines": [], "start_line": 590}, "CoinGeckoAdapter.get_markets": {"executed_lines": [619, 626, 629, 630], "summary": {"covered_lines": 4, "num_statements": 5, "percent_covered": 80.0, "percent_covered_display": "80", "missing_lines": 1, "excluded_lines": 0, "percent_statements_covered": 80.0, "percent_statements_covered_display": "80"}, "missing_lines": [627], "excluded_lines": [], "start_line": 611}, "CoinGeckoAdapter.get_coin_market": {"executed_lines": [], "summary": {"covered_lines": 0, "num_statements": 3, "percent_covered": 0.0, "percent_covered_display": "0", "missing_lines": 3, "excluded_lines": 0, "percent_statements_covered": 0.0, "percent_statements_covered_display": "0"}, "missing_lines": [637, 638, 639], "excluded_lines": [], "start_line": 632}, "CoinGeckoAdapter.get_trending": {"executed_lines": [], "summary": {"covered_lines": 0, "num_statements": 2, "percent_covered": 0.0, "percent_covered_display": "0", "missing_lines": 2, "excluded_lines": 0, "percent_statements_covered": 0.0, "percent_statements_covered_display": "0"}, "missing_lines": [642, 643], "excluded_lines": [], "start_line": 641}, "CoinGeckoAdapter.get_top_coins": {"executed_lines": [], "summary": {"covered_lines": 0, "num_statements": 9, "percent_covered": 0.0, "percent_covered_display": "0", "missing_lines": 9, "excluded_lines": 0, "percent_statements_covered": 0.0, "percent_statements_covered_display": "0"}, "missing_lines": [646, 647, 648, 649, 650, 651, 652, 653, 654], "excluded_lines": [], "start_line": 645}, "CoinGeckoAdapter.get_coin_history": {"executed_lines": [], "summary": {"covered_lines": 0, "num_statements": 2, "percent_covered": 0.0, "percent_covered_display": "0", "missing_lines": 2, "excluded_lines": 0, "percent_statements_covered": 0.0, "percent_statements_covered_display": "0"}, "missing_lines": [663, 664], "excluded_lines": [], "start_line": 658}, "CoinGeckoAdapter.get_market_chart": {"executed_lines": [], "summary": {"covered_lines": 0, "num_statements": 3, "percent_covered": 0.0, "percent_covered_display": "0", "missing_lines": 3, "excluded_lines": 0, "percent_statements_covered": 0.0, "percent_statements_covered_display": "0"}, "missing_lines": [672, 673, 674], "excluded_lines": [], "start_line": 666}, "CoinGeckoAdapter.get_ohlc": {"executed_lines": [682, 683, 687], "summary": {"covered_lines": 3, "num_statements": 3, "percent_covered": 100.0, "percent_covered_display": "100", "missing_lines": 0, "excluded_lines": 0, "percent_statements_covered": 100.0, "percent_statements_covered_display": "100"}, "missing_lines": [], "excluded_lines": [], "start_line": 676}, "CoinGeckoAdapter._parse_market": {"executed_lines": [693], "summary": {"covered_lines": 1, "num_statements": 1, "percent_covered": 100.0, "percent_covered_display": "100", "missing_lines": 0, "excluded_lines": 0, "percent_statements_covered": 100.0, "percent_statements_covered_display": "100"}, "missing_lines": [], "excluded_lines": [], "start_line": 692}, "CoinGeckoAdapter.get_crypto_bars": {"executed_lines": [736, 737, 738, 739, 740, 750], "summary": {"covered_lines": 6, "num_statements": 6, "percent_covered": 100.0, "percent_covered_display": "100", "missing_lines": 0, "excluded_lines": 0, "percent_statements_covered": 100.0, "percent_statements_covered_display": "100"}, "missing_lines": [], "excluded_lines": [], "start_line": 730}, "get_crypto_adapter": {"executed_lines": [763, 764, 765, 766, 768, 769, 770], "summary": {"covered_lines": 7, "num_statements": 7, "percent_covered": 100.0, "percent_covered_display": "100", "missing_lines": 0, "excluded_lines": 0, "percent_statements_covered": 100.0, "percent_statements_covered_display": "100"}, "missing_lines": [], "excluded_lines": [], "start_line": 758}, "": {"executed_lines": [24, 25, 26, 27, 28, 29, 30, 31, 32, 33, 34, 36, 38, 39, 41, 49, 52, 53, 54, 55, 56, 57, 58, 59, 60, 61, 62, 63, 64, 65, 66, 67, 70, 71, 74, 75, 76, 77, 78, 79, 80, 81, 82, 83, 84, 85, 86, 88, 101, 102, 105, 106, 107, 108, 109, 110, 111, 112, 113, 114, 115, 116, 117, 118, 119, 120, 121, 122, 124, 137, 138, 141, 142, 143, 144, 145, 146, 147, 148, 149, 150, 151, 152, 153, 154, 155, 156, 157, 158, 166, 169, 177, 185, 192, 195, 204, 216, 223, 224, 232, 233, 234, 237, 247, 265, 276, 283, 291, 296, 300, 322, 348, 352, 356, 360, 367, 368, 390, 391, 413, 426, 438, 452, 463, 515, 556, 559, 566, 574, 577, 590, 611, 632, 641, 645, 658, 666, 676, 691, 692, 730, 758], "summary": {"covered_lines": 142, "num_statements": 142, "percent_covered": 100.0, "percent_covered_display": "100", "missing_lines": 0, "excluded_lines": 0, "percent_statements_covered": 100.0, "percent_statements_covered_display": "100"}, "missing_lines": [], "excluded_lines": [], "start_line": 1}}, "classes": {"KlineInterval": {"executed_lines": [], "summary": {"covered_lines": 0, "num_statements": 0, "percent_covered": 100.0, "percent_covered_display": "100", "missing_lines": 0, "excluded_lines": 0, "percent_statements_covered": 100.0, "percent_statements_covered_display": "100"}, "missing_lines": [], "excluded_lines": [], "start_line": 49}, "CryptoKline": {"executed_lines": [89], "summary": {"covered_lines": 1, "num_statements": 1, "percent_covered": 100.0, "percent_covered_display": "100", "missing_lines": 0, "excluded_lines": 0, "percent_statements_covered": 100.0, "percent_statements_covered_display": "100"}, "missing_lines": [], "excluded_lines": [], "start_line": 71}, "CryptoTicker": {"executed_lines": [125], "summary": {"covered_lines": 1, "num_statements": 1, "percent_covered": 100.0, "percent_covered_display": "100", "missing_lines": 0, "excluded_lines": 0, "percent_statements_covered": 100.0, "percent_statements_covered_display": "100"}, "missing_lines": [], "excluded_lines": [], "start_line": 102}, "CoinGeckoMarket": {"executed_lines": [], "summary": {"covered_lines": 0, "num_statements": 0, "percent_covered": 100.0, "percent_covered_display": "100", "missing_lines": 0, "excluded_lines": 0, "percent_statements_covered": 100.0, "percent_statements_covered_display": "100"}, "missing_lines": [], "excluded_lines": [], "start_line": 138}, "CryptoExchangeAdapter": {"executed_lines": [170, 171, 172, 173, 174, 175, 178, 179, 180, 181, 182, 183, 186, 187, 188, 189, 190, 193, 196, 197, 198, 199, 200, 201, 202, 217, 218, 219, 221], "summary": {"covered_lines": 29, "num_statements": 38, "percent_covered": 76.3157894736842, "percent_covered_display": "76", "missing_lines": 9, "excluded_lines": 0, "percent_statements_covered": 76.3157894736842, "percent_statements_covered_display": "76"}, "missing_lines": [208, 209, 210, 211, 212, 213, 214, 220, 225], "excluded_lines": [], "start_line": 166}, "BinanceAdapter": {"executed_lines": [253, 254, 255, 256, 257, 258, 259, 260, 261, 285, 286, 287, 308, 309, 314, 316, 319, 320, 349, 350, 357, 358, 371, 372, 373, 388, 392, 421, 422], "summary": {"covered_lines": 29, "num_statements": 124, "percent_covered": 23.387096774193548, "percent_covered_display": "23", "missing_lines": 95, "excluded_lines": 0, "percent_statements_covered": 23.387096774193548, "percent_statements_covered_display": "23"}, "missing_lines": [266, 267, 268, 269, 270, 273, 274, 277, 278, 279, 288, 289, 293, 294, 298, 315, 317, 329, 330, 331, 333, 334, 338, 339, 340, 341, 342, 343, 344, 346, 353, 354, 363, 427, 428, 429, 430, 431, 432, 433, 434, 443, 444, 446, 447, 450, 453, 454, 455, 456, 457, 458, 459, 460, 461, 468, 470, 471, 472, 473, 475, 480, 481, 482, 483, 486, 488, 489, 490, 491, 492, 493, 494, 495, 496, 497, 501, 502, 503, 505, 506, 507, 508, 512, 513, 522, 523, 525, 526, 529, 530, 531, 546, 548, 549], "excluded_lines": [], "start_line": 237}, "CoinGeckoAdapter": {"executed_lines": [567, 568, 569, 570, 578, 579, 595, 598, 599, 602, 604, 605, 606, 607, 608, 609, 619, 626, 629, 630, 682, 683, 687, 693, 736, 737, 738, 739, 740, 750], "summary": {"covered_lines": 30, "num_statements": 60, "percent_covered": 50.0, "percent_covered_display": "50", "missing_lines": 30, "excluded_lines": 0, "percent_statements_covered": 50.0, "percent_statements_covered_display": "50"}, "missing_lines": [575, 580, 581, 582, 583, 584, 585, 586, 596, 600, 627, 637, 638, 639, 642, 643, 646, 647, 648, 649, 650, 651, 652, 653, 654, 663, 664, 672, 673, 674], "excluded_lines": [], "start_line": 559}, "": {"executed_lines": [24, 25, 26, 27, 28, 29, 30, 31, 32, 33, 34, 36, 38, 39, 41, 49, 52, 53, 54, 55, 56, 57, 58, 59, 60, 61, 62, 63, 64, 65, 66, 67, 70, 71, 74, 75, 76, 77, 78, 79, 80, 81, 82, 83, 84, 85, 86, 88, 101, 102, 105, 106, 107, 108, 109, 110, 111, 112, 113, 114, 115, 116, 117, 118, 119, 120, 121, 122, 124, 137, 138, 141, 142, 143, 144, 145, 146, 147, 148, 149, 150, 151, 152, 153, 154, 155, 156, 157, 158, 166, 169, 177, 185, 192, 195, 204, 216, 223, 224, 232, 233, 234, 237, 247, 265, 276, 283, 291, 296, 300, 322, 348, 352, 356, 360, 367, 368, 390, 391, 413, 426, 438, 452, 463, 515, 556, 559, 566, 574, 577, 590, 611, 632, 641, 645, 658, 666, 676, 691, 692, 730, 758, 763, 764, 765, 766, 768, 769, 770], "summary": {"covered_lines": 149, "num_statements": 149, "percent_covered": 100.0, "percent_covered_display": "100", "missing_lines": 0, "excluded_lines": 0, "percent_statements_covered": 100.0, "percent_statements_covered_display": "100"}, "missing_lines": [], "excluded_lines": [], "start_line": 1}}}, "src\\adapters\\ig_broker.py": {"executed_lines": [3, 4, 5, 6, 7, 8, 9, 10, 11, 12, 14, 15, 16, 17, 19, 25, 26, 29, 31, 32, 35, 37, 38, 39, 42, 44, 45, 46, 47, 48, 49, 50, 51, 54, 56, 57, 60, 62, 63, 66, 68, 69, 72, 74, 75, 78, 80, 81, 82, 83, 84, 85, 86, 87, 88, 89, 90, 91, 92, 93, 94, 102, 103, 105, 106, 107, 108, 109, 110, 111, 112, 113, 115, 116, 118, 120, 121, 123, 131, 132, 134, 135, 136, 137, 138, 139, 140, 141, 142, 143, 144, 145, 146, 148, 149, 150, 167, 168, 170, 171, 172, 173, 174, 175, 176, 177, 178, 179, 180, 181, 182, 183, 184, 185, 186, 187, 189, 190, 191, 212, 213, 215, 216, 221, 222, 224, 225, 226, 227, 228, 229, 230, 231, 232, 233, 234, 235, 236, 237, 238, 239, 241, 242, 243, 263, 264, 266, 267, 268, 269, 270, 271, 272, 273, 274, 275, 276, 277, 278, 280, 281, 282, 299, 300, 302, 303, 304, 305, 306, 307, 308, 309, 310, 311, 312, 313, 314, 315, 316, 317, 318, 319, 320, 321, 322, 324, 325, 326, 327, 328, 352, 353, 354, 355, 364, 373, 374, 375, 376, 379, 380, 383, 386, 396, 397, 398, 400, 425, 426, 427, 429, 430, 432, 434, 435, 436, 438, 440, 441, 442, 443, 444, 445, 449, 530, 537, 539, 540, 560, 608, 650, 653, 656, 657, 658, 660, 668, 669, 670, 673, 674, 679, 723, 736, 747, 794, 832, 845, 903, 933, 945, 982, 1024, 1068, 1084, 1120, 1121, 1125, 1126, 1136, 1138, 1141, 1143, 1146, 1148, 1151, 1153, 1156, 1158, 1159, 1160, 1168, 1175, 1176, 1177, 1178, 1179, 1180, 1181, 1182, 1185, 1186, 1187, 1190, 1200, 1227, 1244, 1258, 1281, 1292, 1293, 1296, 1297, 1298, 1299, 1300, 1303, 1306, 1307, 1309, 1310, 1311, 1313, 1319, 1321, 1322, 1326, 1327, 1328, 1329, 1330, 1331, 1333, 1335, 1339, 1353, 1354, 1355, 1357, 1359, 1360, 1362, 1363, 1370, 1371, 1372, 1373, 1374, 1375, 1384, 1385, 1386, 1387, 1388, 1402, 1403, 1404, 1405, 1411, 1412, 1413, 1416, 1419, 1421, 1422, 1423, 1428, 1437, 1440, 1441, 1445, 1447, 1449, 1452, 1454, 1456, 1457, 1458, 1459, 1470, 1476, 1479, 1480, 1481, 1486, 1494, 1497, 1498, 1500, 1501, 1502, 1503, 1505, 1513, 1515, 1521, 1529, 1532, 1533, 1535, 1536, 1537, 1538, 1542, 1544, 1553, 1554, 1556, 1562, 1572, 1575, 1577, 1578, 1580, 1581, 1582, 1583, 1585, 1586, 1587, 1589, 1594, 1596, 1597, 1598, 1609, 1611, 1613, 1615, 1616, 1620, 1629, 1632, 1633, 1634, 1636, 1637, 1645, 1683, 1691, 1699, 1709, 1712, 1713, 1716, 1717, 1722, 1729, 1731, 1732, 1734, 1735, 1737, 1738, 1739, 1747, 1761, 1784, 1786, 1788, 1790, 1792, 1794, 1802, 1833, 1841], "summary": {"covered_lines": 446, "num_statements": 783, "percent_covered": 56.960408684546614, "percent_covered_display": "57", "missing_lines": 337, "excluded_lines": 0, "percent_statements_covered": 56.960408684546614, "percent_statements_covered_display": "57"}, "missing_lines": [122, 218, 356, 409, 416, 417, 418, 419, 420, 421, 423, 464, 465, 467, 470, 471, 473, 481, 482, 483, 484, 486, 487, 490, 491, 492, 493, 496, 497, 499, 500, 501, 503, 506, 507, 508, 510, 511, 512, 513, 514, 516, 518, 521, 523, 524, 525, 526, 527, 528, 532, 533, 534, 535, 542, 543, 545, 546, 547, 548, 549, 550, 551, 552, 553, 554, 555, 556, 586, 587, 589, 590, 591, 593, 594, 595, 597, 617, 625, 626, 627, 628, 631, 632, 633, 634, 636, 637, 638, 639, 640, 642, 643, 644, 646, 654, 671, 672, 675, 676, 677, 681, 682, 684, 685, 686, 689, 690, 691, 692, 707, 708, 725, 726, 728, 729, 730, 731, 732, 734, 738, 739, 740, 741, 742, 743, 744, 745, 771, 773, 783, 784, 785, 786, 787, 788, 790, 791, 792, 810, 813, 814, 818, 823, 824, 826, 827, 828, 834, 835, 837, 838, 839, 840, 841, 843, 875, 877, 889, 890, 891, 892, 893, 894, 895, 897, 899, 900, 901, 913, 915, 921, 922, 923, 924, 925, 926, 927, 929, 930, 931, 935, 936, 939, 940, 941, 954, 955, 956, 957, 958, 960, 978, 979, 980, 991, 993, 994, 995, 996, 998, 999, 1000, 1001, 1002, 1003, 1004, 1005, 1019, 1020, 1022, 1044, 1045, 1050, 1051, 1052, 1053, 1055, 1056, 1058, 1060, 1062, 1063, 1064, 1066, 1077, 1078, 1079, 1080, 1094, 1096, 1097, 1098, 1099, 1100, 1101, 1102, 1103, 1104, 1110, 1112, 1123, 1128, 1209, 1210, 1211, 1219, 1236, 1238, 1240, 1241, 1242, 1253, 1254, 1255, 1256, 1267, 1268, 1269, 1271, 1272, 1273, 1274, 1275, 1277, 1315, 1316, 1317, 1323, 1324, 1398, 1399, 1424, 1425, 1426, 1438, 1442, 1443, 1461, 1462, 1464, 1465, 1466, 1477, 1482, 1483, 1484, 1495, 1517, 1518, 1519, 1530, 1558, 1559, 1560, 1573, 1600, 1601, 1603, 1604, 1605, 1630, 1639, 1641, 1642, 1643, 1665, 1666, 1668, 1669, 1670, 1677, 1678, 1679, 1685, 1686, 1687, 1688, 1689, 1693, 1694, 1695, 1696, 1697, 1720, 1740, 1742, 1745, 1749, 1750, 1752, 1763, 1764, 1768, 1770, 1779, 1780], "excluded_lines": [], "functions": {"IGConfig.get_base_url": {"executed_lines": [116], "summary": {"covered_lines": 1, "num_statements": 1, "percent_covered": 100.0, "percent_covered_display": "100", "missing_lines": 0, "excluded_lines": 0, "percent_statements_covered": 100.0, "percent_statements_covered_display": "100"}, "missing_lines": [], "excluded_lines": [], "start_line": 115}, "IGConfig.get_versioned_url": {"executed_lines": [120, 121, 123], "summary": {"covered_lines": 3, "num_statements": 4, "percent_covered": 75.0, "percent_covered_display": "75", "missing_lines": 1, "excluded_lines": 0, "percent_statements_covered": 75.0, "percent_statements_covered_display": "75"}, "missing_lines": [122], "excluded_lines": [], "start_line": 118}, "IGAccount.from_response": {"executed_lines": [150], "summary": {"covered_lines": 1, "num_statements": 1, "percent_covered": 100.0, "percent_covered_display": "100", "missing_lines": 0, "excluded_lines": 0, "percent_statements_covered": 100.0, "percent_statements_covered_display": "100"}, "missing_lines": [], "excluded_lines": [], "start_line": 149}, "IGPosition.from_response": {"executed_lines": [191], "summary": {"covered_lines": 1, "num_statements": 1, "percent_covered": 100.0, "percent_covered_display": "100", "missing_lines": 0, "excluded_lines": 0, "percent_statements_covered": 100.0, "percent_statements_covered_display": "100"}, "missing_lines": [], "excluded_lines": [], "start_line": 190}, "IGPosition.is_long": {"executed_lines": [213], "summary": {"covered_lines": 1, "num_statements": 1, "percent_covered": 100.0, "percent_covered_display": "100", "missing_lines": 0, "excluded_lines": 0, "percent_statements_covered": 100.0, "percent_statements_covered_display": "100"}, "missing_lines": [], "excluded_lines": [], "start_line": 212}, "IGPosition.unrealized_pnl": {"executed_lines": [], "summary": {"covered_lines": 0, "num_statements": 1, "percent_covered": 0.0, "percent_covered_display": "0", "missing_lines": 1, "excluded_lines": 0, "percent_statements_covered": 0.0, "percent_statements_covered_display": "0"}, "missing_lines": [218], "excluded_lines": [], "start_line": 216}, "IGWorkingOrder.from_response": {"executed_lines": [243], "summary": {"covered_lines": 1, "num_statements": 1, "percent_covered": 100.0, "percent_covered_display": "100", "missing_lines": 0, "excluded_lines": 0, "percent_statements_covered": 100.0, "percent_statements_covered_display": "100"}, "missing_lines": [], "excluded_lines": [], "start_line": 242}, "IGDealConfirmation.from_response": {"executed_lines": [282], "summary": {"covered_lines": 1, "num_statements": 1, "percent_covered": 100.0, "percent_covered_display": "100", "missing_lines": 0, "excluded_lines": 0, "percent_statements_covered": 100.0, "percent_statements_covered_display": "100"}, "missing_lines": [], "excluded_lines": [], "start_line": 281}, "IGMarketSnapshot.from_response": {"executed_lines": [326, 327, 328], "summary": {"covered_lines": 3, "num_statements": 3, "percent_covered": 100.0, "percent_covered_display": "100", "missing_lines": 0, "excluded_lines": 0, "percent_statements_covered": 100.0, "percent_statements_covered_display": "100"}, "missing_lines": [], "excluded_lines": [], "start_line": 325}, "IGMarketSnapshot.mid_price": {"executed_lines": [354, 355], "summary": {"covered_lines": 2, "num_statements": 3, "percent_covered": 66.66666666666667, "percent_covered_display": "67", "missing_lines": 1, "excluded_lines": 0, "percent_statements_covered": 66.66666666666667, "percent_statements_covered_display": "67"}, "missing_lines": [356], "excluded_lines": [], "start_line": 353}, "IGApiClient.__init__": {"executed_lines": [374, 375, 376, 379, 380, 383, 386], "summary": {"covered_lines": 7, "num_statements": 7, "percent_covered": 100.0, "percent_covered_display": "100", "missing_lines": 0, "excluded_lines": 0, "percent_statements_covered": 100.0, "percent_statements_covered_display": "100"}, "missing_lines": [], "excluded_lines": [], "start_line": 373}, "IGApiClient.authenticated": {"executed_lines": [398], "summary": {"covered_lines": 1, "num_statements": 1, "percent_covered": 100.0, "percent_covered_display": "100", "missing_lines": 0, "excluded_lines": 0, "percent_statements_covered": 100.0, "percent_statements_covered_display": "100"}, "missing_lines": [], "excluded_lines": [], "start_line": 397}, "IGApiClient._get_auth_headers": {"executed_lines": [], "summary": {"covered_lines": 0, "num_statements": 8, "percent_covered": 0.0, "percent_covered_display": "0", "missing_lines": 8, "excluded_lines": 0, "percent_statements_covered": 0.0, "percent_statements_covered_display": "0"}, "missing_lines": [409, 416, 417, 418, 419, 420, 421, 423], "excluded_lines": [], "start_line": 400}, "IGApiClient.__aenter__": {"executed_lines": [426, 427], "summary": {"covered_lines": 2, "num_statements": 2, "percent_covered": 100.0, "percent_covered_display": "100", "missing_lines": 0, "excluded_lines": 0, "percent_statements_covered": 100.0, "percent_statements_covered_display": "100"}, "missing_lines": [], "excluded_lines": [], "start_line": 425}, "IGApiClient.__aexit__": {"executed_lines": [430], "summary": {"covered_lines": 1, "num_statements": 1, "percent_covered": 100.0, "percent_covered_display": "100", "missing_lines": 0, "excluded_lines": 0, "percent_statements_covered": 100.0, "percent_statements_covered_display": "100"}, "missing_lines": [], "excluded_lines": [], "start_line": 429}, "IGApiClient.connect": {"executed_lines": [434, 435, 436], "summary": {"covered_lines": 3, "num_statements": 3, "percent_covered": 100.0, "percent_covered_display": "100", "missing_lines": 0, "excluded_lines": 0, "percent_statements_covered": 100.0, "percent_statements_covered_display": "100"}, "missing_lines": [], "excluded_lines": [], "start_line": 432}, "IGApiClient.disconnect": {"executed_lines": [440, 441, 442, 443, 444, 445], "summary": {"covered_lines": 6, "num_statements": 6, "percent_covered": 100.0, "percent_covered_display": "100", "missing_lines": 0, "excluded_lines": 0, "percent_statements_covered": 100.0, "percent_statements_covered_display": "100"}, "missing_lines": [], "excluded_lines": [], "start_line": 438}, "IGApiClient.authenticate": {"executed_lines": [], "summary": {"covered_lines": 0, "num_statements": 39, "percent_covered": 0.0, "percent_covered_display": "0", "missing_lines": 39, "excluded_lines": 0, "percent_statements_covered": 0.0, "percent_statements_covered_display": "0"}, "missing_lines": [464, 465, 467, 470, 471, 473, 481, 482, 483, 484, 486, 487, 490, 491, 492, 493, 496, 497, 499, 500, 501, 503, 506, 507, 508, 510, 511, 512, 513, 514, 516, 518, 521, 523, 524, 525, 526, 527, 528], "excluded_lines": [], "start_line": 449}, "IGApiClient.ensure_authenticated": {"executed_lines": [], "summary": {"covered_lines": 0, "num_statements": 4, "percent_covered": 0.0, "percent_covered_display": "0", "missing_lines": 4, "excluded_lines": 0, "percent_statements_covered": 0.0, "percent_statements_covered_display": "0"}, "missing_lines": [532, 533, 534, 535], "excluded_lines": [], "start_line": 530}, "IGApiClient.logout": {"executed_lines": [539, 540], "summary": {"covered_lines": 2, "num_statements": 16, "percent_covered": 12.5, "percent_covered_display": "12", "missing_lines": 14, "excluded_lines": 0, "percent_statements_covered": 12.5, "percent_statements_covered_display": "12"}, "missing_lines": [542, 543, 545, 546, 547, 548, 549, 550, 551, 552, 553, 554, 555, 556], "excluded_lines": [], "start_line": 537}, "IGApiClient._request": {"executed_lines": [], "summary": {"covered_lines": 0, "num_statements": 9, "percent_covered": 0.0, "percent_covered_display": "0", "missing_lines": 9, "excluded_lines": 0, "percent_statements_covered": 0.0, "percent_statements_covered_display": "0"}, "missing_lines": [586, 587, 589, 590, 591, 593, 594, 595, 597], "excluded_lines": [], "start_line": 560}, "IGApiClient._do_request": {"executed_lines": [], "summary": {"covered_lines": 0, "num_statements": 18, "percent_covered": 0.0, "percent_covered_display": "0", "missing_lines": 18, "excluded_lines": 0, "percent_statements_covered": 0.0, "percent_statements_covered_display": "0"}, "missing_lines": [617, 625, 626, 627, 628, 631, 632, 633, 634, 636, 637, 638, 639, 640, 642, 643, 644, 646], "excluded_lines": [], "start_line": 608}, "IGApiClient.get_accounts": {"executed_lines": [653, 656, 657, 658, 660, 668, 669, 670, 673, 674], "summary": {"covered_lines": 10, "num_statements": 16, "percent_covered": 62.5, "percent_covered_display": "62", "missing_lines": 6, "excluded_lines": 0, "percent_statements_covered": 62.5, "percent_statements_covered_display": "62"}, "missing_lines": [654, 671, 672, 675, 676, 677], "excluded_lines": [], "start_line": 650}, "IGApiClient.get_account_details": {"executed_lines": [], "summary": {"covered_lines": 0, "num_statements": 11, "percent_covered": 0.0, "percent_covered_display": "0", "missing_lines": 11, "excluded_lines": 0, "percent_statements_covered": 0.0, "percent_statements_covered_display": "0"}, "missing_lines": [681, 682, 684, 685, 686, 689, 690, 691, 692, 707, 708], "excluded_lines": [], "start_line": 679}, "IGApiClient.get_positions": {"executed_lines": [], "summary": {"covered_lines": 0, "num_statements": 8, "percent_covered": 0.0, "percent_covered_display": "0", "missing_lines": 8, "excluded_lines": 0, "percent_statements_covered": 0.0, "percent_statements_covered_display": "0"}, "missing_lines": [725, 726, 728, 729, 730, 731, 732, 734], "excluded_lines": [], "start_line": 723}, "IGApiClient.get_position_by_deal_id": {"executed_lines": [], "summary": {"covered_lines": 0, "num_statements": 8, "percent_covered": 0.0, "percent_covered_display": "0", "missing_lines": 8, "excluded_lines": 0, "percent_statements_covered": 0.0, "percent_statements_covered_display": "0"}, "missing_lines": [738, 739, 740, 741, 742, 743, 744, 745], "excluded_lines": [], "start_line": 736}, "IGApiClient.create_position": {"executed_lines": [], "summary": {"covered_lines": 0, "num_statements": 11, "percent_covered": 0.0, "percent_covered_display": "0", "missing_lines": 11, "excluded_lines": 0, "percent_statements_covered": 0.0, "percent_statements_covered_display": "0"}, "missing_lines": [771, 773, 783, 784, 785, 786, 787, 788, 790, 791, 792], "excluded_lines": [], "start_line": 747}, "IGApiClient.close_position": {"executed_lines": [], "summary": {"covered_lines": 0, "num_statements": 9, "percent_covered": 0.0, "percent_covered_display": "0", "missing_lines": 9, "excluded_lines": 0, "percent_statements_covered": 0.0, "percent_statements_covered_display": "0"}, "missing_lines": [810, 813, 814, 818, 823, 824, 826, 827, 828], "excluded_lines": [], "start_line": 794}, "IGApiClient.get_working_orders": {"executed_lines": [], "summary": {"covered_lines": 0, "num_statements": 8, "percent_covered": 0.0, "percent_covered_display": "0", "missing_lines": 8, "excluded_lines": 0, "percent_statements_covered": 0.0, "percent_statements_covered_display": "0"}, "missing_lines": [834, 835, 837, 838, 839, 840, 841, 843], "excluded_lines": [], "start_line": 832}, "IGApiClient.create_working_order": {"executed_lines": [], "summary": {"covered_lines": 0, "num_statements": 13, "percent_covered": 0.0, "percent_covered_display": "0", "missing_lines": 13, "excluded_lines": 0, "percent_statements_covered": 0.0, "percent_statements_covered_display": "0"}, "missing_lines": [875, 877, 889, 890, 891, 892, 893, 894, 895, 897, 899, 900, 901], "excluded_lines": [], "start_line": 845}, "IGApiClient.update_working_order": {"executed_lines": [], "summary": {"covered_lines": 0, "num_statements": 12, "percent_covered": 0.0, "percent_covered_display": "0", "missing_lines": 12, "excluded_lines": 0, "percent_statements_covered": 0.0, "percent_statements_covered_display": "0"}, "missing_lines": [913, 915, 921, 922, 923, 924, 925, 926, 927, 929, 930, 931], "excluded_lines": [], "start_line": 903}, "IGApiClient.delete_working_order": {"executed_lines": [], "summary": {"covered_lines": 0, "num_statements": 5, "percent_covered": 0.0, "percent_covered_display": "0", "missing_lines": 5, "excluded_lines": 0, "percent_statements_covered": 0.0, "percent_statements_covered_display": "0"}, "missing_lines": [935, 936, 939, 940, 941], "excluded_lines": [], "start_line": 933}, "IGApiClient.get_market_snapshot": {"executed_lines": [], "summary": {"covered_lines": 0, "num_statements": 9, "percent_covered": 0.0, "percent_covered_display": "0", "missing_lines": 9, "excluded_lines": 0, "percent_statements_covered": 0.0, "percent_statements_covered_display": "0"}, "missing_lines": [954, 955, 956, 957, 958, 960, 978, 979, 980], "excluded_lines": [], "start_line": 945}, "IGApiClient.get_market_snapshots": {"executed_lines": [], "summary": {"covered_lines": 0, "num_statements": 16, "percent_covered": 0.0, "percent_covered_display": "0", "missing_lines": 16, "excluded_lines": 0, "percent_statements_covered": 0.0, "percent_statements_covered_display": "0"}, "missing_lines": [991, 993, 994, 995, 996, 998, 999, 1000, 1001, 1002, 1003, 1004, 1005, 1019, 1020, 1022], "excluded_lines": [], "start_line": 982}, "IGApiClient.get_price_history": {"executed_lines": [], "summary": {"covered_lines": 0, "num_statements": 14, "percent_covered": 0.0, "percent_covered_display": "0", "missing_lines": 14, "excluded_lines": 0, "percent_statements_covered": 0.0, "percent_statements_covered_display": "0"}, "missing_lines": [1044, 1045, 1050, 1051, 1052, 1053, 1055, 1056, 1058, 1060, 1062, 1063, 1064, 1066], "excluded_lines": [], "start_line": 1024}, "IGApiClient.search_markets": {"executed_lines": [], "summary": {"covered_lines": 0, "num_statements": 4, "percent_covered": 0.0, "percent_covered_display": "0", "missing_lines": 4, "excluded_lines": 0, "percent_statements_covered": 0.0, "percent_statements_covered_display": "0"}, "missing_lines": [1077, 1078, 1079, 1080], "excluded_lines": [], "start_line": 1068}, "IGApiClient._wait_for_confirmation": {"executed_lines": [], "summary": {"covered_lines": 0, "num_statements": 12, "percent_covered": 0.0, "percent_covered_display": "0", "missing_lines": 12, "excluded_lines": 0, "percent_statements_covered": 0.0, "percent_statements_covered_display": "0"}, "missing_lines": [1094, 1096, 1097, 1098, 1099, 1100, 1101, 1102, 1103, 1104, 1110, 1112], "excluded_lines": [], "start_line": 1084}, "IGApiClient._generate_deal_reference": {"executed_lines": [], "summary": {"covered_lines": 0, "num_statements": 1, "percent_covered": 0.0, "percent_covered_display": "0", "missing_lines": 1, "excluded_lines": 0, "percent_statements_covered": 0.0, "percent_statements_covered_display": "0"}, "missing_lines": [1123], "excluded_lines": [], "start_line": 1121}, "IGApiClient._is_forex_epic": {"executed_lines": [], "summary": {"covered_lines": 0, "num_statements": 1, "percent_covered": 0.0, "percent_covered_display": "0", "missing_lines": 1, "excluded_lines": 0, "percent_statements_covered": 0.0, "percent_statements_covered_display": "0"}, "missing_lines": [1128], "excluded_lines": [], "start_line": 1126}, "IGApiError.__init__": {"executed_lines": [1159, 1160], "summary": {"covered_lines": 2, "num_statements": 2, "percent_covered": 100.0, "percent_covered_display": "100", "missing_lines": 0, "excluded_lines": 0, "percent_statements_covered": 100.0, "percent_statements_covered_display": "100"}, "missing_lines": [], "excluded_lines": [], "start_line": 1158}, "IGBroker.__init__": {"executed_lines": [1176, 1177, 1178, 1179, 1180, 1181, 1182, 1185, 1186, 1187, 1190], "summary": {"covered_lines": 11, "num_statements": 11, "percent_covered": 100.0, "percent_covered_display": "100", "missing_lines": 0, "excluded_lines": 0, "percent_statements_covered": 100.0, "percent_statements_covered_display": "100"}, "missing_lines": [], "excluded_lines": [], "start_line": 1175}, "IGBroker.process_order": {"executed_lines": [], "summary": {"covered_lines": 0, "num_statements": 4, "percent_covered": 0.0, "percent_covered_display": "0", "missing_lines": 4, "excluded_lines": 0, "percent_statements_covered": 0.0, "percent_statements_covered_display": "0"}, "missing_lines": [1209, 1210, 1211, 1219], "excluded_lines": [], "start_line": 1200}, "IGBroker.update_order": {"executed_lines": [], "summary": {"covered_lines": 0, "num_statements": 5, "percent_covered": 0.0, "percent_covered_display": "0", "missing_lines": 5, "excluded_lines": 0, "percent_statements_covered": 0.0, "percent_statements_covered_display": "0"}, "missing_lines": [1236, 1238, 1240, 1241, 1242], "excluded_lines": [], "start_line": 1227}, "IGBroker.get_open_orders": {"executed_lines": [], "summary": {"covered_lines": 0, "num_statements": 4, "percent_covered": 0.0, "percent_covered_display": "0", "missing_lines": 4, "excluded_lines": 0, "percent_statements_covered": 0.0, "percent_statements_covered_display": "0"}, "missing_lines": [1253, 1254, 1255, 1256], "excluded_lines": [], "start_line": 1244}, "IGBroker.get_order_by_id": {"executed_lines": [], "summary": {"covered_lines": 0, "num_statements": 9, "percent_covered": 0.0, "percent_covered_display": "0", "missing_lines": 9, "excluded_lines": 0, "percent_statements_covered": 0.0, "percent_statements_covered_display": "0"}, "missing_lines": [1267, 1268, 1269, 1271, 1272, 1273, 1274, 1275, 1277], "excluded_lines": [], "start_line": 1258}, "IGBroker.connect": {"executed_lines": [1292, 1293, 1296, 1297, 1298, 1299, 1300, 1303, 1306, 1307, 1309, 1310, 1311, 1313], "summary": {"covered_lines": 14, "num_statements": 17, "percent_covered": 82.3529411764706, "percent_covered_display": "82", "missing_lines": 3, "excluded_lines": 0, "percent_statements_covered": 82.3529411764706, "percent_statements_covered_display": "82"}, "missing_lines": [1315, 1316, 1317], "excluded_lines": [], "start_line": 1281}, "IGBroker.disconnect": {"executed_lines": [1321, 1322, 1326, 1327, 1328, 1329, 1330, 1331], "summary": {"covered_lines": 8, "num_statements": 10, "percent_covered": 80.0, "percent_covered_display": "80", "missing_lines": 2, "excluded_lines": 0, "percent_statements_covered": 80.0, "percent_statements_covered_display": "80"}, "missing_lines": [1323, 1324], "excluded_lines": [], "start_line": 1319}, "IGBroker.is_connected": {"executed_lines": [1335], "summary": {"covered_lines": 1, "num_statements": 1, "percent_covered": 100.0, "percent_covered_display": "100", "missing_lines": 0, "excluded_lines": 0, "percent_statements_covered": 100.0, "percent_statements_covered_display": "100"}, "missing_lines": [], "excluded_lines": [], "start_line": 1333}, "IGBroker.submit_order": {"executed_lines": [1353, 1354, 1355, 1357, 1359, 1360, 1362, 1363, 1370, 1371, 1372, 1373, 1374, 1375, 1384, 1385, 1386, 1387, 1388, 1402, 1403, 1404, 1405, 1411, 1412, 1413, 1416, 1419, 1421, 1422, 1423], "summary": {"covered_lines": 31, "num_statements": 36, "percent_covered": 86.11111111111111, "percent_covered_display": "86", "missing_lines": 5, "excluded_lines": 0, "percent_statements_covered": 86.11111111111111, "percent_statements_covered_display": "86"}, "missing_lines": [1398, 1399, 1424, 1425, 1426], "excluded_lines": [], "start_line": 1339}, "IGBroker.cancel_order": {"executed_lines": [1437, 1440, 1441, 1445, 1447, 1449, 1452, 1454, 1456, 1457, 1458, 1459], "summary": {"covered_lines": 12, "num_statements": 20, "percent_covered": 60.0, "percent_covered_display": "60", "missing_lines": 8, "excluded_lines": 0, "percent_statements_covered": 60.0, "percent_statements_covered_display": "60"}, "missing_lines": [1438, 1442, 1443, 1461, 1462, 1464, 1465, 1466], "excluded_lines": [], "start_line": 1428}, "IGBroker.get_account_info": {"executed_lines": [1476, 1479, 1480, 1481], "summary": {"covered_lines": 4, "num_statements": 8, "percent_covered": 50.0, "percent_covered_display": "50", "missing_lines": 4, "excluded_lines": 0, "percent_statements_covered": 50.0, "percent_statements_covered_display": "50"}, "missing_lines": [1477, 1482, 1483, 1484], "excluded_lines": [], "start_line": 1470}, "IGBroker.get_positions": {"executed_lines": [1494, 1497, 1498, 1500, 1501, 1502, 1503, 1505, 1513, 1515], "summary": {"covered_lines": 10, "num_statements": 14, "percent_covered": 71.42857142857143, "percent_covered_display": "71", "missing_lines": 4, "excluded_lines": 0, "percent_statements_covered": 71.42857142857143, "percent_statements_covered_display": "71"}, "missing_lines": [1495, 1517, 1518, 1519], "excluded_lines": [], "start_line": 1486}, "IGBroker.get_orders": {"executed_lines": [1529, 1532, 1533, 1535, 1536, 1537, 1538, 1542, 1544, 1553, 1554, 1556], "summary": {"covered_lines": 12, "num_statements": 16, "percent_covered": 75.0, "percent_covered_display": "75", "missing_lines": 4, "excluded_lines": 0, "percent_statements_covered": 75.0, "percent_statements_covered_display": "75"}, "missing_lines": [1530, 1558, 1559, 1560], "excluded_lines": [], "start_line": 1521}, "IGBroker.close_position": {"executed_lines": [1572, 1575, 1577, 1578, 1580, 1581, 1582, 1583, 1585, 1586, 1587, 1589, 1594, 1596, 1597, 1598], "summary": {"covered_lines": 16, "num_statements": 22, "percent_covered": 72.72727272727273, "percent_covered_display": "73", "missing_lines": 6, "excluded_lines": 0, "percent_statements_covered": 72.72727272727273, "percent_statements_covered_display": "73"}, "missing_lines": [1573, 1600, 1601, 1603, 1604, 1605], "excluded_lines": [], "start_line": 1562}, "IGBroker.add_result_handler": {"executed_lines": [1611], "summary": {"covered_lines": 1, "num_statements": 1, "percent_covered": 100.0, "percent_covered_display": "100", "missing_lines": 0, "excluded_lines": 0, "percent_statements_covered": 100.0, "percent_statements_covered_display": "100"}, "missing_lines": [], "excluded_lines": [], "start_line": 1609}, "IGBroker.remove_result_handler": {"executed_lines": [1615, 1616], "summary": {"covered_lines": 2, "num_statements": 2, "percent_covered": 100.0, "percent_covered_display": "100", "missing_lines": 0, "excluded_lines": 0, "percent_statements_covered": 100.0, "percent_statements_covered_display": "100"}, "missing_lines": [], "excluded_lines": [], "start_line": 1613}, "IGBroker.get_market_price": {"executed_lines": [1629, 1632, 1633, 1634, 1636, 1637], "summary": {"covered_lines": 6, "num_statements": 11, "percent_covered": 54.54545454545455, "percent_covered_display": "55", "missing_lines": 5, "excluded_lines": 0, "percent_statements_covered": 54.54545454545455, "percent_statements_covered_display": "55"}, "missing_lines": [1630, 1639, 1641, 1642, 1643], "excluded_lines": [], "start_line": 1620}, "IGBroker.get_historical_data": {"executed_lines": [], "summary": {"covered_lines": 0, "num_statements": 8, "percent_covered": 0.0, "percent_covered_display": "0", "missing_lines": 8, "excluded_lines": 0, "percent_statements_covered": 0.0, "percent_statements_covered_display": "0"}, "missing_lines": [1665, 1666, 1668, 1669, 1670, 1677, 1678, 1679], "excluded_lines": [], "start_line": 1645}, "IGBroker._refresh_positions": {"executed_lines": [], "summary": {"covered_lines": 0, "num_statements": 5, "percent_covered": 0.0, "percent_covered_display": "0", "missing_lines": 5, "excluded_lines": 0, "percent_statements_covered": 0.0, "percent_statements_covered_display": "0"}, "missing_lines": [1685, 1686, 1687, 1688, 1689], "excluded_lines": [], "start_line": 1683}, "IGBroker._refresh_orders": {"executed_lines": [], "summary": {"covered_lines": 0, "num_statements": 5, "percent_covered": 0.0, "percent_covered_display": "0", "missing_lines": 5, "excluded_lines": 0, "percent_statements_covered": 0.0, "percent_statements_covered_display": "0"}, "missing_lines": [1693, 1694, 1695, 1696, 1697], "excluded_lines": [], "start_line": 1691}, "IGBroker._convert_symbol_to_epic": {"executed_lines": [1709, 1712, 1713, 1716, 1717], "summary": {"covered_lines": 5, "num_statements": 6, "percent_covered": 83.33333333333333, "percent_covered_display": "83", "missing_lines": 1, "excluded_lines": 0, "percent_statements_covered": 83.33333333333333, "percent_statements_covered_display": "83"}, "missing_lines": [1720], "excluded_lines": [], "start_line": 1699}, "IGBroker._convert_epic_to_symbol": {"executed_lines": [1729, 1731, 1732, 1734, 1735, 1737, 1738, 1739], "summary": {"covered_lines": 8, "num_statements": 11, "percent_covered": 72.72727272727273, "percent_covered_display": "73", "missing_lines": 3, "excluded_lines": 0, "percent_statements_covered": 72.72727272727273, "percent_statements_covered_display": "73"}, "missing_lines": [1740, 1742, 1745], "excluded_lines": [], "start_line": 1722}, "IGBroker._convert_ig_position_to_model": {"executed_lines": [], "summary": {"covered_lines": 0, "num_statements": 3, "percent_covered": 0.0, "percent_covered_display": "0", "missing_lines": 3, "excluded_lines": 0, "percent_statements_covered": 0.0, "percent_statements_covered_display": "0"}, "missing_lines": [1749, 1750, 1752], "excluded_lines": [], "start_line": 1747}, "IGBroker._convert_ig_order_to_model": {"executed_lines": [], "summary": {"covered_lines": 0, "num_statements": 6, "percent_covered": 0.0, "percent_covered_display": "0", "missing_lines": 6, "excluded_lines": 0, "percent_statements_covered": 0.0, "percent_statements_covered_display": "0"}, "missing_lines": [1763, 1764, 1768, 1770, 1779, 1780], "excluded_lines": [], "start_line": 1761}, "IGBroker.set_order_filled_callback": {"executed_lines": [1786], "summary": {"covered_lines": 1, "num_statements": 1, "percent_covered": 100.0, "percent_covered_display": "100", "missing_lines": 0, "excluded_lines": 0, "percent_statements_covered": 100.0, "percent_statements_covered_display": "100"}, "missing_lines": [], "excluded_lines": [], "start_line": 1784}, "IGBroker.set_position_opened_callback": {"executed_lines": [1790], "summary": {"covered_lines": 1, "num_statements": 1, "percent_covered": 100.0, "percent_covered_display": "100", "missing_lines": 0, "excluded_lines": 0, "percent_statements_covered": 100.0, "percent_statements_covered_display": "100"}, "missing_lines": [], "excluded_lines": [], "start_line": 1788}, "IGBroker.set_position_closed_callback": {"executed_lines": [1794], "summary": {"covered_lines": 1, "num_statements": 1, "percent_covered": 100.0, "percent_covered_display": "100", "missing_lines": 0, "excluded_lines": 0, "percent_statements_covered": 100.0, "percent_statements_covered_display": "100"}, "missing_lines": [], "excluded_lines": [], "start_line": 1792}, "create_ig_broker": {"executed_lines": [1833, 1841], "summary": {"covered_lines": 2, "num_statements": 2, "percent_covered": 100.0, "percent_covered_display": "100", "missing_lines": 0, "excluded_lines": 0, "percent_statements_covered": 100.0, "percent_statements_covered_display": "100"}, "missing_lines": [], "excluded_lines": [], "start_line": 1802}, "": {"executed_lines": [3, 4, 5, 6, 7, 8, 9, 10, 11, 12, 14, 15, 16, 17, 19, 25, 26, 29, 31, 32, 35, 37, 38, 39, 42, 44, 45, 46, 47, 48, 49, 50, 51, 54, 56, 57, 60, 62, 63, 66, 68, 69, 72, 74, 75, 78, 80, 81, 82, 83, 84, 85, 86, 87, 88, 89, 90, 91, 92, 93, 94, 102, 103, 105, 106, 107, 108, 109, 110, 111, 112, 113, 115, 118, 131, 132, 134, 135, 136, 137, 138, 139, 140, 141, 142, 143, 144, 145, 146, 148, 149, 167, 168, 170, 171, 172, 173, 174, 175, 176, 177, 178, 179, 180, 181, 182, 183, 184, 185, 186, 187, 189, 190, 212, 215, 216, 221, 222, 224, 225, 226, 227, 228, 229, 230, 231, 232, 233, 234, 235, 236, 237, 238, 239, 241, 242, 263, 264, 266, 267, 268, 269, 270, 271, 272, 273, 274, 275, 276, 277, 278, 280, 281, 299, 300, 302, 303, 304, 305, 306, 307, 308, 309, 310, 311, 312, 313, 314, 315, 316, 317, 318, 319, 320, 321, 322, 324, 325, 352, 353, 364, 373, 396, 397, 400, 425, 429, 432, 438, 449, 530, 537, 560, 608, 650, 679, 723, 736, 747, 794, 832, 845, 903, 933, 945, 982, 1024, 1068, 1084, 1120, 1121, 1125, 1126, 1136, 1138, 1141, 1143, 1146, 1148, 1151, 1153, 1156, 1158, 1168, 1175, 1200, 1227, 1244, 1258, 1281, 1319, 1333, 1339, 1428, 1470, 1486, 1521, 1562, 1609, 1613, 1620, 1645, 1683, 1691, 1699, 1722, 1747, 1761, 1784, 1788, 1792, 1802], "summary": {"covered_lines": 252, "num_statements": 252, "percent_covered": 100.0, "percent_covered_display": "100", "missing_lines": 0, "excluded_lines": 0, "percent_statements_covered": 100.0, "percent_statements_covered_display": "100"}, "missing_lines": [], "excluded_lines": [], "start_line": 1}}, "classes": {"IGEnvironment": {"executed_lines": [], "summary": {"covered_lines": 0, "num_statements": 0, "percent_covered": 100.0, "percent_covered_display": "100", "missing_lines": 0, "excluded_lines": 0, "percent_statements_covered": 100.0, "percent_statements_covered_display": "100"}, "missing_lines": [], "excluded_lines": [], "start_line": 29}, "IGAccountType": {"executed_lines": [], "summary": {"covered_lines": 0, "num_statements": 0, "percent_covered": 100.0, "percent_covered_display": "100", "missing_lines": 0, "excluded_lines": 0, "percent_statements_covered": 100.0, "percent_statements_covered_display": "100"}, "missing_lines": [], "excluded_lines": [], "start_line": 35}, "IGDealStatus": {"executed_lines": [], "summary": {"covered_lines": 0, "num_statements": 0, "percent_covered": 100.0, "percent_covered_display": "100", "missing_lines": 0, "excluded_lines": 0, "percent_statements_covered": 100.0, "percent_statements_covered_display": "100"}, "missing_lines": [], "excluded_lines": [], "start_line": 42}, "IGOrderType": {"executed_lines": [], "summary": {"covered_lines": 0, "num_statements": 0, "percent_covered": 100.0, "percent_covered_display": "100", "missing_lines": 0, "excluded_lines": 0, "percent_statements_covered": 100.0, "percent_statements_covered_display": "100"}, "missing_lines": [], "excluded_lines": [], "start_line": 54}, "IGPositionDirection": {"executed_lines": [], "summary": {"covered_lines": 0, "num_statements": 0, "percent_covered": 100.0, "percent_covered_display": "100", "missing_lines": 0, "excluded_lines": 0, "percent_statements_covered": 100.0, "percent_statements_covered_display": "100"}, "missing_lines": [], "excluded_lines": [], "start_line": 60}, "IGDealDirection": {"executed_lines": [], "summary": {"covered_lines": 0, "num_statements": 0, "percent_covered": 100.0, "percent_covered_display": "100", "missing_lines": 0, "excluded_lines": 0, "percent_statements_covered": 100.0, "percent_statements_covered_display": "100"}, "missing_lines": [], "excluded_lines": [], "start_line": 66}, "IGTimeInForce": {"executed_lines": [], "summary": {"covered_lines": 0, "num_statements": 0, "percent_covered": 100.0, "percent_covered_display": "100", "missing_lines": 0, "excluded_lines": 0, "percent_statements_covered": 100.0, "percent_statements_covered_display": "100"}, "missing_lines": [], "excluded_lines": [], "start_line": 72}, "IGPriceResolution": {"executed_lines": [], "summary": {"covered_lines": 0, "num_statements": 0, "percent_covered": 100.0, "percent_covered_display": "100", "missing_lines": 0, "excluded_lines": 0, "percent_statements_covered": 100.0, "percent_statements_covered_display": "100"}, "missing_lines": [], "excluded_lines": [], "start_line": 78}, "IGConfig": {"executed_lines": [116, 120, 121, 123], "summary": {"covered_lines": 4, "num_statements": 5, "percent_covered": 80.0, "percent_covered_display": "80", "missing_lines": 1, "excluded_lines": 0, "percent_statements_covered": 80.0, "percent_statements_covered_display": "80"}, "missing_lines": [122], "excluded_lines": [], "start_line": 103}, "IGAccount": {"executed_lines": [150], "summary": {"covered_lines": 1, "num_statements": 1, "percent_covered": 100.0, "percent_covered_display": "100", "missing_lines": 0, "excluded_lines": 0, "percent_statements_covered": 100.0, "percent_statements_covered_display": "100"}, "missing_lines": [], "excluded_lines": [], "start_line": 132}, "IGPosition": {"executed_lines": [191, 213], "summary": {"covered_lines": 2, "num_statements": 3, "percent_covered": 66.66666666666667, "percent_covered_display": "67", "missing_lines": 1, "excluded_lines": 0, "percent_statements_covered": 66.66666666666667, "percent_statements_covered_display": "67"}, "missing_lines": [218], "excluded_lines": [], "start_line": 168}, "IGWorkingOrder": {"executed_lines": [243], "summary": {"covered_lines": 1, "num_statements": 1, "percent_covered": 100.0, "percent_covered_display": "100", "missing_lines": 0, "excluded_lines": 0, "percent_statements_covered": 100.0, "percent_statements_covered_display": "100"}, "missing_lines": [], "excluded_lines": [], "start_line": 222}, "IGDealConfirmation": {"executed_lines": [282], "summary": {"covered_lines": 1, "num_statements": 1, "percent_covered": 100.0, "percent_covered_display": "100", "missing_lines": 0, "excluded_lines": 0, "percent_statements_covered": 100.0, "percent_statements_covered_display": "100"}, "missing_lines": [], "excluded_lines": [], "start_line": 264}, "IGMarketSnapshot": {"executed_lines": [326, 327, 328, 354, 355], "summary": {"covered_lines": 5, "num_statements": 6, "percent_covered": 83.33333333333333, "percent_covered_display": "83", "missing_lines": 1, "excluded_lines": 0, "percent_statements_covered": 83.33333333333333, "percent_statements_covered_display": "83"}, "missing_lines": [356], "excluded_lines": [], "start_line": 300}, "IGApiClient": {"executed_lines": [374, 375, 376, 379, 380, 383, 386, 398, 426, 427, 430, 434, 435, 436, 440, 441, 442, 443, 444, 445, 539, 540, 653, 656, 657, 658, 660, 668, 669, 670, 673, 674], "summary": {"covered_lines": 32, "num_statements": 272, "percent_covered": 11.764705882352942, "percent_covered_display": "12", "missing_lines": 240, "excluded_lines": 0, "percent_statements_covered": 11.764705882352942, "percent_statements_covered_display": "12"}, "missing_lines": [409, 416, 417, 418, 419, 420, 421, 423, 464, 465, 467, 470, 471, 473, 481, 482, 483, 484, 486, 487, 490, 491, 492, 493, 496, 497, 499, 500, 501, 503, 506, 507, 508, 510, 511, 512, 513, 514, 516, 518, 521, 523, 524, 525, 526, 527, 528, 532, 533, 534, 535, 542, 543, 545, 546, 547, 548, 549, 550, 551, 552, 553, 554, 555, 556, 586, 587, 589, 590, 591, 593, 594, 595, 597, 617, 625, 626, 627, 628, 631, 632, 633, 634, 636, 637, 638, 639, 640, 642, 643, 644, 646, 654, 671, 672, 675, 676, 677, 681, 682, 684, 685, 686, 689, 690, 691, 692, 707, 708, 725, 726, 728, 729, 730, 731, 732, 734, 738, 739, 740, 741, 742, 743, 744, 745, 771, 773, 783, 784, 785, 786, 787, 788, 790, 791, 792, 810, 813, 814, 818, 823, 824, 826, 827, 828, 834, 835, 837, 838, 839, 840, 841, 843, 875, 877, 889, 890, 891, 892, 893, 894, 895, 897, 899, 900, 901, 913, 915, 921, 922, 923, 924, 925, 926, 927, 929, 930, 931, 935, 936, 939, 940, 941, 954, 955, 956, 957, 958, 960, 978, 979, 980, 991, 993, 994, 995, 996, 998, 999, 1000, 1001, 1002, 1003, 1004, 1005, 1019, 1020, 1022, 1044, 1045, 1050, 1051, 1052, 1053, 1055, 1056, 1058, 1060, 1062, 1063, 1064, 1066, 1077, 1078, 1079, 1080, 1094, 1096, 1097, 1098, 1099, 1100, 1101, 1102, 1103, 1104, 1110, 1112, 1123, 1128], "excluded_lines": [], "start_line": 364}, "IGError": {"executed_lines": [], "summary": {"covered_lines": 0, "num_statements": 0, "percent_covered": 100.0, "percent_covered_display": "100", "missing_lines": 0, "excluded_lines": 0, "percent_statements_covered": 100.0, "percent_statements_covered_display": "100"}, "missing_lines": [], "excluded_lines": [], "start_line": 1136}, "IGAuthenticationError": {"executed_lines": [], "summary": {"covered_lines": 0, "num_statements": 0, "percent_covered": 100.0, "percent_covered_display": "100", "missing_lines": 0, "excluded_lines": 0, "percent_statements_covered": 100.0, "percent_statements_covered_display": "100"}, "missing_lines": [], "excluded_lines": [], "start_line": 1141}, "IGConnectionError": {"executed_lines": [], "summary": {"covered_lines": 0, "num_statements": 0, "percent_covered": 100.0, "percent_covered_display": "100", "missing_lines": 0, "excluded_lines": 0, "percent_statements_covered": 100.0, "percent_statements_covered_display": "100"}, "missing_lines": [], "excluded_lines": [], "start_line": 1146}, "IGRateLimitError": {"executed_lines": [], "summary": {"covered_lines": 0, "num_statements": 0, "percent_covered": 100.0, "percent_covered_display": "100", "missing_lines": 0, "excluded_lines": 0, "percent_statements_covered": 100.0, "percent_statements_covered_display": "100"}, "missing_lines": [], "excluded_lines": [], "start_line": 1151}, "IGApiError": {"executed_lines": [1159, 1160], "summary": {"covered_lines": 2, "num_statements": 2, "percent_covered": 100.0, "percent_covered_display": "100", "missing_lines": 0, "excluded_lines": 0, "percent_statements_covered": 100.0, "percent_statements_covered_display": "100"}, "missing_lines": [], "excluded_lines": [], "start_line": 1156}, "IGBroker": {"executed_lines": [1176, 1177, 1178, 1179, 1180, 1181, 1182, 1185, 1186, 1187, 1190, 1292, 1293, 1296, 1297, 1298, 1299, 1300, 1303, 1306, 1307, 1309, 1310, 1311, 1313, 1321, 1322, 1326, 1327, 1328, 1329, 1330, 1331, 1335, 1353, 1354, 1355, 1357, 1359, 1360, 1362, 1363, 1370, 1371, 1372, 1373, 1374, 1375, 1384, 1385, 1386, 1387, 1388, 1402, 1403, 1404, 1405, 1411, 1412, 1413, 1416, 1419, 1421, 1422, 1423, 1437, 1440, 1441, 1445, 1447, 1449, 1452, 1454, 1456, 1457, 1458, 1459, 1476, 1479, 1480, 1481, 1494, 1497, 1498, 1500, 1501, 1502, 1503, 1505, 1513, 1515, 1529, 1532, 1533, 1535, 1536, 1537, 1538, 1542, 1544, 1553, 1554, 1556, 1572, 1575, 1577, 1578, 1580, 1581, 1582, 1583, 1585, 1586, 1587, 1589, 1594, 1596, 1597, 1598, 1611, 1615, 1616, 1629, 1632, 1633, 1634, 1636, 1637, 1709, 1712, 1713, 1716, 1717, 1729, 1731, 1732, 1734, 1735, 1737, 1738, 1739, 1786, 1790, 1794], "summary": {"covered_lines": 144, "num_statements": 238, "percent_covered": 60.50420168067227, "percent_covered_display": "61", "missing_lines": 94, "excluded_lines": 0, "percent_statements_covered": 60.50420168067227, "percent_statements_covered_display": "61"}, "missing_lines": [1209, 1210, 1211, 1219, 1236, 1238, 1240, 1241, 1242, 1253, 1254, 1255, 1256, 1267, 1268, 1269, 1271, 1272, 1273, 1274, 1275, 1277, 1315, 1316, 1317, 1323, 1324, 1398, 1399, 1424, 1425, 1426, 1438, 1442, 1443, 1461, 1462, 1464, 1465, 1466, 1477, 1482, 1483, 1484, 1495, 1517, 1518, 1519, 1530, 1558, 1559, 1560, 1573, 1600, 1601, 1603, 1604, 1605, 1630, 1639, 1641, 1642, 1643, 1665, 1666, 1668, 1669, 1670, 1677, 1678, 1679, 1685, 1686, 1687, 1688, 1689, 1693, 1694, 1695, 1696, 1697, 1720, 1740, 1742, 1745, 1749, 1750, 1752, 1763, 1764, 1768, 1770, 1779, 1780], "excluded_lines": [], "start_line": 1168}, "": {"executed_lines": [3, 4, 5, 6, 7, 8, 9, 10, 11, 12, 14, 15, 16, 17, 19, 25, 26, 29, 31, 32, 35, 37, 38, 39, 42, 44, 45, 46, 47, 48, 49, 50, 51, 54, 56, 57, 60, 62, 63, 66, 68, 69, 72, 74, 75, 78, 80, 81, 82, 83, 84, 85, 86, 87, 88, 89, 90, 91, 92, 93, 94, 102, 103, 105, 106, 107, 108, 109, 110, 111, 112, 113, 115, 118, 131, 132, 134, 135, 136, 137, 138, 139, 140, 141, 142, 143, 144, 145, 146, 148, 149, 167, 168, 170, 171, 172, 173, 174, 175, 176, 177, 178, 179, 180, 181, 182, 183, 184, 185, 186, 187, 189, 190, 212, 215, 216, 221, 222, 224, 225, 226, 227, 228, 229, 230, 231, 232, 233, 234, 235, 236, 237, 238, 239, 241, 242, 263, 264, 266, 267, 268, 269, 270, 271, 272, 273, 274, 275, 276, 277, 278, 280, 281, 299, 300, 302, 303, 304, 305, 306, 307, 308, 309, 310, 311, 312, 313, 314, 315, 316, 317, 318, 319, 320, 321, 322, 324, 325, 352, 353, 364, 373, 396, 397, 400, 425, 429, 432, 438, 449, 530, 537, 560, 608, 650, 679, 723, 736, 747, 794, 832, 845, 903, 933, 945, 982, 1024, 1068, 1084, 1120, 1121, 1125, 1126, 1136, 1138, 1141, 1143, 1146, 1148, 1151, 1153, 1156, 1158, 1168, 1175, 1200, 1227, 1244, 1258, 1281, 1319, 1333, 1339, 1428, 1470, 1486, 1521, 1562, 1609, 1613, 1620, 1645, 1683, 1691, 1699, 1722, 1747, 1761, 1784, 1788, 1792, 1802, 1833, 1841], "summary": {"covered_lines": 254, "num_statements": 254, "percent_covered": 100.0, "percent_covered_display": "100", "missing_lines": 0, "excluded_lines": 0, "percent_statements_covered": 100.0, "percent_statements_covered_display": "100"}, "missing_lines": [], "excluded_lines": [], "start_line": 1}}}, "src\\adapters\\oanda_broker.py": {"executed_lines": [3, 4, 5, 6, 7, 8, 9, 10, 12, 13, 14, 16, 19, 21, 22, 23, 26, 28, 29, 30, 31, 32, 33, 36, 38, 39, 40, 41, 42, 43, 44, 45, 48, 49, 51, 52, 53, 54, 55, 56, 58, 59, 61, 62, 69, 70, 72, 73, 74, 75, 76, 77, 78, 79, 80, 81, 83, 84, 85, 99, 100, 102, 103, 104, 105, 106, 107, 108, 110, 111, 112, 113, 115, 116, 117, 118, 119, 120, 121, 122, 124, 125, 126, 128, 139, 140, 142, 143, 144, 145, 146, 147, 148, 149, 150, 151, 152, 153, 155, 156, 157, 158, 160, 176, 179, 180, 181, 182, 183, 185, 187, 188, 193, 195, 196, 197, 199, 200, 201, 203, 204, 206, 239, 241, 242, 243, 245, 247, 248, 249, 251, 257, 265, 267, 275, 277, 280, 281, 283, 292, 294, 303, 305, 308, 309, 311, 313, 314, 315, 316, 321, 323, 324, 325, 326, 331, 333, 334, 338, 339, 341, 366, 369, 370, 371, 372, 373, 374, 375, 376, 379, 380, 381, 383,
[...]
69, 270], "summary": {"covered_lines": 6, "num_statements": 6, "percent_covered": 100.0, "percent_covered_display": "100", "missing_lines": 0, "excluded_lines": 0, "percent_statements_covered": 100.0, "percent_statements_covered_display": "100"}, "missing_lines": [], "excluded_lines": [], "start_line": 264}, "CircuitBreaker._cooldown_elapsed": {"executed_lines": [273, 275], "summary": {"covered_lines": 2, "num_statements": 3, "percent_covered": 66.66666666666667, "percent_covered_display": "67", "missing_lines": 1, "excluded_lines": 0, "percent_statements_covered": 66.66666666666667, "percent_statements_covered_display": "67"}, "missing_lines": [274], "excluded_lines": [], "start_line": 272}, "CircuitBreaker._fire": {"executed_lines": [283, 284, 285, 286, 287], "summary": {"covered_lines": 5, "num_statements": 5, "percent_covered": 100.0, "percent_covered_display": "100", "missing_lines": 0, "excluded_lines": 0, "percent_statements_covered": 100.0, "percent_statements_covered_display": "100"}, "missing_lines": [], "excluded_lines": [], "start_line": 282}, "CircuitBreaker.trip": {"executed_lines": [], "summary": {"covered_lines": 0, "num_statements": 2, "percent_covered": 0.0, "percent_covered_display": "0", "missing_lines": 2, "excluded_lines": 0, "percent_statements_covered": 0.0, "percent_statements_covered_display": "0"}, "missing_lines": [291, 292], "excluded_lines": [], "start_line": 289}, "CircuitBreaker.reset": {"executed_lines": [296, 297], "summary": {"covered_lines": 2, "num_statements": 2, "percent_covered": 100.0, "percent_covered_display": "100", "missing_lines": 0, "excluded_lines": 0, "percent_statements_covered": 100.0, "percent_statements_covered_display": "100"}, "missing_lines": [], "excluded_lines": [], "start_line": 294}, "CircuitBreakerOpenError.__init__": {"executed_lines": [304, 305], "summary": {"covered_lines": 2, "num_statements": 2, "percent_covered": 100.0, "percent_covered_display": "100", "missing_lines": 0, "excluded_lines": 0, "percent_statements_covered": 100.0, "percent_statements_covered_display": "100"}, "missing_lines": [], "excluded_lines": [], "start_line": 303}, "categorize_exception": {"executed_lines": [319, 320, 321, 323, 324, 326, 327, 330, 331, 332, 333, 334, 335, 336, 337, 342], "summary": {"covered_lines": 16, "num_statements": 18, "percent_covered": 88.88888888888889, "percent_covered_display": "89", "missing_lines": 2, "excluded_lines": 0, "percent_statements_covered": 88.88888888888889, "percent_statements_covered_display": "89"}, "missing_lines": [338, 339], "excluded_lines": [], "start_line": 313}, "RetryExhaustedError.__init__": {"executed_lines": [349, 350, 351], "summary": {"covered_lines": 3, "num_statements": 3, "percent_covered": 100.0, "percent_covered_display": "100", "missing_lines": 0, "excluded_lines": 0, "percent_statements_covered": 100.0, "percent_statements_covered_display": "100"}, "missing_lines": [], "excluded_lines": [], "start_line": 348}, "retry_async": {"executed_lines": [397, 398, 400, 401, 402, 403, 404, 405, 407, 408, 409, 411, 412, 415, 417, 418, 423, 425, 426, 430], "summary": {"covered_lines": 20, "num_statements": 23, "percent_covered": 86.95652173913044, "percent_covered_display": "87", "missing_lines": 3, "excluded_lines": 0, "percent_statements_covered": 86.95652173913044, "percent_statements_covered_display": "87"}, "missing_lines": [406, 433, 434], "excluded_lines": [], "start_line": 360}, "retry_decorator": {"executed_lines": [444, 445, 459], "summary": {"covered_lines": 3, "num_statements": 3, "percent_covered": 100.0, "percent_covered_display": "100", "missing_lines": 0, "excluded_lines": 0, "percent_statements_covered": 100.0, "percent_statements_covered_display": "100"}, "missing_lines": [], "excluded_lines": [], "start_line": 437}, "retry_decorator.wrapper": {"executed_lines": [446, 457], "summary": {"covered_lines": 2, "num_statements": 2, "percent_covered": 100.0, "percent_covered_display": "100", "missing_lines": 0, "excluded_lines": 0, "percent_statements_covered": 100.0, "percent_statements_covered_display": "100"}, "missing_lines": [], "excluded_lines": [], "start_line": 444}, "retry_decorator.wrapper.wrapped": {"executed_lines": [447], "summary": {"covered_lines": 1, "num_statements": 1, "percent_covered": 100.0, "percent_covered_display": "100", "missing_lines": 0, "excluded_lines": 0, "percent_statements_covered": 100.0, "percent_statements_covered_display": "100"}, "missing_lines": [], "excluded_lines": [], "start_line": 446}, "ErrorHandler.__init__": {"executed_lines": [488, 489, 490, 491], "summary": {"covered_lines": 4, "num_statements": 4, "percent_covered": 100.0, "percent_covered_display": "100", "missing_lines": 0, "excluded_lines": 0, "percent_statements_covered": 100.0, "percent_statements_covered_display": "100"}, "missing_lines": [], "excluded_lines": [], "start_line": 487}, "ErrorHandler.get_circuit_breaker": {"executed_lines": [497, 498, 501], "summary": {"covered_lines": 3, "num_statements": 3, "percent_covered": 100.0, "percent_covered_display": "100", "missing_lines": 0, "excluded_lines": 0, "percent_statements_covered": 100.0, "percent_statements_covered_display": "100"}, "missing_lines": [], "excluded_lines": [], "start_line": 495}, "ErrorHandler.categorize": {"executed_lines": [511], "summary": {"covered_lines": 1, "num_statements": 1, "percent_covered": 100.0, "percent_covered_display": "100", "missing_lines": 0, "excluded_lines": 0, "percent_statements_covered": 100.0, "percent_statements_covered_display": "100"}, "missing_lines": [], "excluded_lines": [], "start_line": 505}, "ErrorHandler.handle": {"executed_lines": [524, 527, 530, 531, 532, 533, 534, 541], "summary": {"covered_lines": 8, "num_statements": 8, "percent_covered": 100.0, "percent_covered_display": "100", "missing_lines": 0, "excluded_lines": 0, "percent_statements_covered": 100.0, "percent_statements_covered_display": "100"}, "missing_lines": [], "excluded_lines": [], "start_line": 513}, "ErrorHandler.execute": {"executed_lines": [560, 561], "summary": {"covered_lines": 2, "num_statements": 2, "percent_covered": 100.0, "percent_covered_display": "100", "missing_lines": 0, "excluded_lines": 0, "percent_statements_covered": 100.0, "percent_statements_covered_display": "100"}, "missing_lines": [], "excluded_lines": [], "start_line": 547}, "ErrorHandler.error_counts": {"executed_lines": [575], "summary": {"covered_lines": 1, "num_statements": 1, "percent_covered": 100.0, "percent_covered_display": "100", "missing_lines": 0, "excluded_lines": 0, "percent_statements_covered": 100.0, "percent_statements_covered_display": "100"}, "missing_lines": [], "excluded_lines": [], "start_line": 574}, "ErrorHandler.circuit_breaker_stats": {"executed_lines": [578], "summary": {"covered_lines": 1, "num_statements": 1, "percent_covered": 100.0, "percent_covered_display": "100", "missing_lines": 0, "excluded_lines": 0, "percent_statements_covered": 100.0, "percent_statements_covered_display": "100"}, "missing_lines": [], "excluded_lines": [], "start_line": 577}, "": {"executed_lines": [9, 11, 12, 13, 14, 15, 16, 17, 18, 22, 24, 31, 34, 35, 36, 40, 50, 58, 65, 66, 69, 70, 71, 72, 73, 74, 76, 84, 85, 88, 89, 90, 91, 99, 100, 103, 104, 105, 106, 107, 109, 110, 118, 125, 126, 127, 128, 131, 132, 133, 134, 135, 136, 137, 138, 139, 140, 143, 162, 178, 179, 189, 202, 215, 247, 257, 264, 272, 281, 282, 289, 294, 300, 303, 313, 345, 348, 354, 357, 360, 437, 467, 468, 471, 472, 475, 487, 495, 505, 513, 547, 573, 574, 577], "summary": {"covered_lines": 94, "num_statements": 94, "percent_covered": 100.0, "percent_covered_display": "100", "missing_lines": 0, "excluded_lines": 2, "percent_statements_covered": 100.0, "percent_statements_covered_display": "100"}, "missing_lines": [], "excluded_lines": [144, 476], "start_line": 1}}, "classes": {"ErrorCategory": {"executed_lines": [], "summary": {"covered_lines": 0, "num_statements": 0, "percent_covered": 100.0, "percent_covered_display": "100", "missing_lines": 0, "excluded_lines": 0, "percent_statements_covered": 100.0, "percent_statements_covered_display": "100"}, "missing_lines": [], "excluded_lines": [], "start_line": 31}, "RetryConfig": {"executed_lines": [78, 79, 80, 81], "summary": {"covered_lines": 4, "num_statements": 4, "percent_covered": 100.0, "percent_covered_display": "100", "missing_lines": 0, "excluded_lines": 0, "percent_statements_covered": 100.0, "percent_statements_covered_display": "100"}, "missing_lines": [], "excluded_lines": [], "start_line": 66}, "CircuitBreakerConfig": {"executed_lines": [], "summary": {"covered_lines": 0, "num_statements": 0, "percent_covered": 100.0, "percent_covered_display": "100", "missing_lines": 0, "excluded_lines": 0, "percent_statements_covered": 100.0, "percent_statements_covered_display": "100"}, "missing_lines": [], "excluded_lines": [], "start_line": 85}, "ErrorResult": {"executed_lines": [111], "summary": {"covered_lines": 1, "num_statements": 1, "percent_covered": 100.0, "percent_covered_display": "100", "missing_lines": 0, "excluded_lines": 0, "percent_statements_covered": 100.0, "percent_statements_covered_display": "100"}, "missing_lines": [], "excluded_lines": [], "start_line": 100}, "CircuitBreakerState": {"executed_lines": [], "summary": {"covered_lines": 0, "num_statements": 0, "percent_covered": 100.0, "percent_covered_display": "100", "missing_lines": 0, "excluded_lines": 0, "percent_statements_covered": 100.0, "percent_statements_covered_display": "100"}, "missing_lines": [], "excluded_lines": [], "start_line": 125}, "CircuitBreakerStats": {"executed_lines": [], "summary": {"covered_lines": 0, "num_statements": 0, "percent_covered": 100.0, "percent_covered_display": "100", "missing_lines": 0, "excluded_lines": 0, "percent_statements_covered": 100.0, "percent_statements_covered_display": "100"}, "missing_lines": [], "excluded_lines": [], "start_line": 132}, "CircuitBreaker": {"executed_lines": [167, 168, 169, 172, 173, 174, 181, 182, 183, 184, 186, 187, 191, 192, 194, 195, 196, 197, 200, 204, 205, 206, 208, 209, 210, 211, 213, 227, 228, 230, 231, 233, 234, 235, 236, 237, 239, 240, 242, 243, 248, 250, 251, 252, 253, 254, 255, 258, 259, 260, 261, 262, 265, 266, 267, 268, 269, 270, 273, 275, 283, 284, 285, 286, 287, 296, 297], "summary": {"covered_lines": 67, "num_statements": 71, "percent_covered": 94.36619718309859, "percent_covered_display": "94", "missing_lines": 4, "excluded_lines": 0, "percent_statements_covered": 94.36619718309859, "percent_statements_covered_display": "94"}, "missing_lines": [249, 274, 291, 292], "excluded_lines": [], "start_line": 143}, "CircuitBreakerOpenError": {"executed_lines": [304, 305], "summary": {"covered_lines": 2, "num_statements": 2, "percent_covered": 100.0, "percent_covered_display": "100", "missing_lines": 0, "excluded_lines": 0, "percent_statements_covered": 100.0, "percent_statements_covered_display": "100"}, "missing_lines": [], "excluded_lines": [], "start_line": 300}, "RetryExhaustedError": {"executed_lines": [349, 350, 351], "summary": {"covered_lines": 3, "num_statements": 3, "percent_covered": 100.0, "percent_covered_display": "100", "missing_lines": 0, "excluded_lines": 0, "percent_statements_covered": 100.0, "percent_statements_covered_display": "100"}, "missing_lines": [], "excluded_lines": [], "start_line": 345}, "RetryableError": {"executed_lines": [], "summary": {"covered_lines": 0, "num_statements": 0, "percent_covered": 100.0, "percent_covered_display": "100", "missing_lines": 0, "excluded_lines": 0, "percent_statements_covered": 100.0, "percent_statements_covered_display": "100"}, "missing_lines": [], "excluded_lines": [], "start_line": 354}, "ErrorHandlerConfig": {"executed_lines": [], "summary": {"covered_lines": 0, "num_statements": 0, "percent_covered": 100.0, "percent_covered_display": "100", "missing_lines": 0, "excluded_lines": 0, "percent_statements_covered": 100.0, "percent_statements_covered_display": "100"}, "missing_lines": [], "excluded_lines": [], "start_line": 468}, "ErrorHandler": {"executed_lines": [488, 489, 490, 491, 497, 498, 501, 511, 524, 527, 530, 531, 532, 533, 534, 541, 560, 561, 575, 578], "summary": {"covered_lines": 20, "num_statements": 20, "percent_covered": 100.0, "percent_covered_display": "100", "missing_lines": 0, "excluded_lines": 0, "percent_statements_covered": 100.0, "percent_statements_covered_display": "100"}, "missing_lines": [], "excluded_lines": [], "start_line": 475}, "": {"executed_lines": [9, 11, 12, 13, 14, 15, 16, 17, 18, 22, 24, 31, 34, 35, 36, 40, 50, 58, 65, 66, 69, 70, 71, 72, 73, 74, 76, 84, 85, 88, 89, 90, 91, 99, 100, 103, 104, 105, 106, 107, 109, 110, 118, 125, 126, 127, 128, 131, 132, 133, 134, 135, 136, 137, 138, 139, 140, 143, 162, 178, 179, 189, 202, 215, 247, 257, 264, 272, 281, 282, 289, 294, 300, 303, 313, 319, 320, 321, 323, 324, 326, 327, 330, 331, 332, 333, 334, 335, 336, 337, 342, 345, 348, 354, 357, 360, 397, 398, 400, 401, 402, 403, 404, 405, 407, 408, 409, 411, 412, 415, 417, 418, 423, 425, 426, 430, 437, 444, 445, 446, 447, 457, 459, 467, 468, 471, 472, 475, 487, 495, 505, 513, 547, 573, 574, 577], "summary": {"covered_lines": 136, "num_statements": 141, "percent_covered": 96.45390070921985, "percent_covered_display": "96", "missing_lines": 5, "excluded_lines": 2, "percent_statements_covered": 96.45390070921985, "percent_statements_covered_display": "96"}, "missing_lines": [338, 339, 406, 433, 434], "excluded_lines": [144, 476], "start_line": 1}}}, "src\\utils\\logger.py": {"executed_lines": [3, 4, 5, 6, 7, 8, 9, 12, 15, 24, 31, 39, 50, 73, 76, 77, 79, 80, 81, 82, 83, 85, 86, 87, 88, 89, 90, 91, 92, 94, 164, 166, 167, 168, 169, 172, 174, 177], "summary": {"covered_lines": 38, "num_statements": 87, "percent_covered": 43.67816091954023, "percent_covered_display": "44", "missing_lines": 49, "excluded_lines": 0, "percent_statements_covered": 43.67816091954023, "percent_statements_covered_display": "44"}, "missing_lines": [25, 26, 27, 28, 45, 46, 47, 48, 51, 64, 65, 66, 67, 68, 69, 70, 106, 107, 108, 109, 110, 112, 115, 116, 117, 120, 121, 122, 123, 124, 125, 128, 129, 130, 136, 137, 138, 142, 143, 144, 147, 148, 154, 155, 156, 160, 161, 162, 186], "excluded_lines": [], "functions": {"ColoredFormatter.format": {"executed_lines": [], "summary": {"covered_lines": 0, "num_statements": 4, "percent_covered": 0.0, "percent_covered_display": "0", "missing_lines": 4, "excluded_lines": 0, "percent_statements_covered": 0.0, "percent_statements_covered_display": "0"}, "missing_lines": [25, 26, 27, 28], "excluded_lines": [], "start_line": 24}, "JsonFormatter.__init__": {"executed_lines": [], "summary": {"covered_lines": 0, "num_statements": 4, "percent_covered": 0.0, "percent_covered_display": "0", "missing_lines": 4, "excluded_lines": 0, "percent_statements_covered": 0.0, "percent_statements_covered_display": "0"}, "missing_lines": [45, 46, 47, 48], "excluded_lines": [], "start_line": 39}, "JsonFormatter.format": {"executed_lines": [], "summary": {"covered_lines": 0, "num_statements": 8, "percent_covered": 0.0, "percent_covered_display": "0", "missing_lines": 8, "excluded_lines": 0, "percent_statements_covered": 0.0, "percent_statements_covered_display": "0"}, "missing_lines": [51, 64, 65, 66, 67, 68, 69, 70], "excluded_lines": [], "start_line": 50}, "Logger.__new__": {"executed_lines": [80, 81, 82, 83], "summary": {"covered_lines": 4, "num_statements": 4, "percent_covered": 100.0, "percent_covered_display": "100", "missing_lines": 0, "excluded_lines": 0, "percent_statements_covered": 100.0, "percent_statements_covered_display": "100"}, "missing_lines": [], "excluded_lines": [], "start_line": 79}, "Logger.__init__": {"executed_lines": [86, 87, 88, 89, 90, 91, 92], "summary": {"covered_lines": 7, "num_statements": 7, "percent_covered": 100.0, "percent_covered_display": "100", "missing_lines": 0, "excluded_lines": 0, "percent_statements_covered": 100.0, "percent_statements_covered_display": "100"}, "missing_lines": [], "excluded_lines": [], "start_line": 85}, "Logger.setup": {"executed_lines": [], "summary": {"covered_lines": 0, "num_statements": 32, "percent_covered": 0.0, "percent_covered_display": "0", "missing_lines": 32, "excluded_lines": 0, "percent_statements_covered": 0.0, "percent_statements_covered_display": "0"}, "missing_lines": [106, 107, 108, 109, 110, 112, 115, 116, 117, 120, 121, 122, 123, 124, 125, 128, 129, 130, 136, 137, 138, 142, 143, 144, 147, 148, 154, 155, 156, 160, 161, 162], "excluded_lines": [], "start_line": 94}, "Logger.get_logger": {"executed_lines": [166, 167, 168, 169], "summary": {"covered_lines": 4, "num_statements": 4, "percent_covered": 100.0, "percent_covered_display": "100", "missing_lines": 0, "excluded_lines": 0, "percent_statements_covered": 100.0, "percent_statements_covered_display": "100"}, "missing_lines": [], "excluded_lines": [], "start_line": 164}, "get_logger": {"executed_lines": [174], "summary": {"covered_lines": 1, "num_statements": 1, "percent_covered": 100.0, "percent_covered_display": "100", "missing_lines": 0, "excluded_lines": 0, "percent_statements_covered": 100.0, "percent_statements_covered_display": "100"}, "missing_lines": [], "excluded_lines": [], "start_line": 172}, "setup_logging": {"executed_lines": [], "summary": {"covered_lines": 0, "num_statements": 1, "percent_covered": 0.0, "percent_covered_display": "0", "missing_lines": 1, "excluded_lines": 0, "percent_statements_covered": 0.0, "percent_statements_covered_display": "0"}, "missing_lines": [186], "excluded_lines": [], "start_line": 177}, "": {"executed_lines": [3, 4, 5, 6, 7, 8, 9, 12, 15, 24, 31, 39, 50, 73, 76, 77, 79, 85, 94, 164, 172, 177], "summary": {"covered_lines": 22, "num_statements": 22, "percent_covered": 100.0, "percent_covered_display": "100", "missing_lines": 0, "excluded_lines": 0, "percent_statements_covered": 100.0, "percent_statements_covered_display": "100"}, "missing_lines": [], "excluded_lines": [], "start_line": 1}}, "classes": {"ColoredFormatter": {"executed_lines": [], "summary": {"covered_lines": 0, "num_statements": 4, "percent_covered": 0.0, "percent_covered_display": "0", "missing_lines": 4, "excluded_lines": 0, "percent_statements_covered": 0.0, "percent_statements_covered_display": "0"}, "missing_lines": [25, 26, 27, 28], "excluded_lines": [], "start_line": 12}, "JsonFormatter": {"executed_lines": [], "summary": {"covered_lines": 0, "num_statements": 12, "percent_covered": 0.0, "percent_covered_display": "0", "missing_lines": 12, "excluded_lines": 0, "percent_statements_covered": 0.0, "percent_statements_covered_display": "0"}, "missing_lines": [45, 46, 47, 48, 51, 64, 65, 66, 67, 68, 69, 70], "excluded_lines": [], "start_line": 31}, "Logger": {"executed_lines": [80, 81, 82, 83, 86, 87, 88, 89, 90, 91, 92, 166, 167, 168, 169], "summary": {"covered_lines": 15, "num_statements": 47, "percent_covered": 31.914893617021278, "percent_covered_display": "32", "missing_lines": 32, "excluded_lines": 0, "percent_statements_covered": 31.914893617021278, "percent_statements_covered_display": "32"}, "missing_lines": [106, 107, 108, 109, 110, 112, 115, 116, 117, 120, 121, 122, 123, 124, 125, 128, 129, 130, 136, 137, 138, 142, 143, 144, 147, 148, 154, 155, 156, 160, 161, 162], "excluded_lines": [], "start_line": 73}, "": {"executed_lines": [3, 4, 5, 6, 7, 8, 9, 12, 15, 24, 31, 39, 50, 73, 76, 77, 79, 85, 94, 164, 172, 174, 177], "summary": {"covered_lines": 23, "num_statements": 24, "percent_covered": 95.83333333333333, "percent_covered_display": "96", "missing_lines": 1, "excluded_lines": 0, "percent_statements_covered": 95.83333333333333, "percent_statements_covered_display": "96"}, "missing_lines": [186], "excluded_lines": [], "start_line": 1}}}}, "totals": {"covered_lines": 6222, "num_statements": 9191, "percent_covered": 67.6966597758677, "percent_covered_display": "68", "missing_lines": 2969, "excluded_lines": 5, "percent_statements_covered": 67.6966597758677, "percent_statements_covered_display": "68"}}